Using pre-set license
Built from '2020.3/staging' branch; Version is '2020.3.8f1 (507919d4fff5) revision 5273881'; Using compiler version '192528614'; Build Type 'Release'
OS: 'Windows 10 Pro; OS build 22000.282; Version 2009; 64bit' Language: 'ru' Physical Memory: 16334 MB
BatchMode: 1, IsHumanControllingUs: 0, StartBugReporterOnCrash: 0, Is64bit: 1, IsPro: 0

 COMMAND LINE ARGUMENTS:
C:\Program Files\Unity\Hub\Editor\2020.3.8f1\Editor\Unity.exe
-adb2
-batchMode
-noUpm
-name
AssetImportWorker1
-projectPath
E:/GitHub/Murphys-law/MurphysLaw
-logFile
Logs/AssetImportWorker1.log
-srvPort
7016
Successfully changed project path to: E:/GitHub/Murphys-law/MurphysLaw
E:/GitHub/Murphys-law/MurphysLaw
Using Asset Import Pipeline V2.
Refreshing native plugins compatible for Editor in 67.30 ms, found 1 plugins.
Preloading 0 native plugins for Editor in 0.00 ms.
Initialize engine version: 2020.3.8f1 (507919d4fff5)
[Subsystems] Discovering subsystems at path C:/Program Files/Unity/Hub/Editor/2020.3.8f1/Editor/Data/Resources/UnitySubsystems
[Subsystems] Discovering subsystems at path E:/GitHub/Murphys-law/MurphysLaw/Assets
GfxDevice: creating device client; threaded=0
Direct3D:
    Version:  Direct3D 11.0 [level 11.1]
    Renderer: NVIDIA GeForce GTX 1070 (ID=0x1b81)
    Vendor:   
    VRAM:     8088 MB
    Driver:   30.0.14.7212
Shader 'Universal Render Pipeline/Particles/Lit': fallback shader 'Universal Render Pipeline/Particles/SimpleLit' not found
Initialize mono
Mono path[0] = 'C:/Program Files/Unity/Hub/Editor/2020.3.8f1/Editor/Data/Managed'
Mono path[1] = 'C:/Program Files/Unity/Hub/Editor/2020.3.8f1/Editor/Data/MonoBleedingEdge/lib/mono/unityjit'
Mono config path = 'C:/Program Files/Unity/Hub/Editor/2020.3.8f1/Editor/Data/MonoBleedingEdge/etc'
Using monoOptions --debugger-agent=transport=dt_socket,embedding=1,server=y,suspend=n,address=127.0.0.1:56940
Begin MonoManager ReloadAssembly
Registering precompiled unity dll's ...
Register platform support module: C:/Program Files/Unity/Hub/Editor/2020.3.8f1/Editor/Data/PlaybackEngines/WindowsStandaloneSupport/UnityEditor.WindowsStandalone.Extensions.dll
Registered in 0.001774 seconds.
Native extension for WindowsStandalone target not found
Refreshing native plugins compatible for Editor in 78.36 ms, found 1 plugins.
Preloading 0 native plugins for Editor in 0.00 ms.
Mono: successfully reloaded assembly
- Completed reload, in  1.534 seconds
Platform modules already initialized, skipping
Registering precompiled user dll's ...
Registered in 0.001321 seconds.
Begin MonoManager ReloadAssembly
Native extension for WindowsStandalone target not found
Refreshing native plugins compatible for Editor in 68.38 ms, found 1 plugins.
Preloading 0 native plugins for Editor in 0.00 ms.
Mono: successfully reloaded assembly
- Completed reload, in  1.298 seconds
Platform modules already initialized, skipping
========================================================================
Worker process is ready to serve import requests
Shader 'Universal Render Pipeline/Particles/Lit': fallback shader 'Universal Render Pipeline/Particles/SimpleLit' not found
Launched and connected shader compiler UnityShaderCompiler.exe after 0.04 seconds
Refreshing native plugins compatible for Editor in 0.53 ms, found 1 plugins.
Preloading 0 native plugins for Editor in 0.00 ms.
Unloading 3074 Unused Serialized files (Serialized files now loaded: 0)
System memory in use before: 133.6 MB.
System memory in use after: 133.6 MB.

Unloading 26 unused Assets to reduce memory usage. Loaded Objects now: 3517.
Total: 2.636800 ms (FindLiveObjects: 0.317600 ms CreateObjectMapping: 0.082600 ms MarkObjects: 2.086200 ms  DeleteObjects: 0.149500 ms)

========================================================================
Received Import Request.
  path: Assets/Scripts/Player/HotkeySystem.cs
  artifactKey: Guid(03107d2b724d28347bd6ec2e351a238f) Importer(815301076,1909f56bfc062723c751e8b465ee728b)
Start importing Assets/Scripts/Player/HotkeySystem.cs using Guid(03107d2b724d28347bd6ec2e351a238f) Importer(815301076,1909f56bfc062723c751e8b465ee728b)  -> (artifact id: 'b43f97547bd729631593be2a567ceb39') in 0.071906 seconds
  Import took 0.077070 seconds .

========================================================================
Received Import Request.
  Time since last request: 0.000214 seconds.
  path: Assets/Scripts/HotkeySystem
  artifactKey: Guid(95391f292b3c24d44a7153c14e100722) Importer(815301076,1909f56bfc062723c751e8b465ee728b)
Start importing Assets/Scripts/HotkeySystem using Guid(95391f292b3c24d44a7153c14e100722) Importer(815301076,1909f56bfc062723c751e8b465ee728b)  -> (artifact id: '651ef641c2f9c136939f3dad6ca317d6') in 0.003917 seconds
  Import took 0.008876 seconds .

========================================================================
Received Prepare
Registering precompiled user dll's ...
Registered in 0.001191 seconds.
Begin MonoManager ReloadAssembly
Native extension for WindowsStandalone target not found
Refreshing native plugins compatible for Editor in 0.51 ms, found 1 plugins.
Preloading 0 native plugins for Editor in 0.00 ms.
Mono: successfully reloaded assembly
- Completed reload, in  1.104 seconds
Platform modules already initialized, skipping
Shader 'Universal Render Pipeline/Particles/Lit': fallback shader 'Universal Render Pipeline/Particles/SimpleLit' not found
Refreshing native plugins compatible for Editor in 0.54 ms, found 1 plugins.
Preloading 0 native plugins for Editor in 0.00 ms.
Unloading 2999 Unused Serialized files (Serialized files now loaded: 0)
System memory in use before: 126.7 MB.
System memory in use after: 126.8 MB.

Unloading 14 unused Assets to reduce memory usage. Loaded Objects now: 3521.
Total: 2.453400 ms (FindLiveObjects: 0.270200 ms CreateObjectMapping: 0.078000 ms MarkObjects: 1.981400 ms  DeleteObjects: 0.122800 ms)

========================================================================
Received Import Request.
  Time since last request: 8.450493 seconds.
  path: Assets/Scripts/HotkeySystem/HotkeySystemPresenter.cs
  artifactKey: Guid(49a7b38a11990654588b2771476631fa) Importer(815301076,1909f56bfc062723c751e8b465ee728b)
Start importing Assets/Scripts/HotkeySystem/HotkeySystemPresenter.cs using Guid(49a7b38a11990654588b2771476631fa) Importer(815301076,1909f56bfc062723c751e8b465ee728b)  -> (artifact id: '7c1c4b9b414fa660a7dca52b1d2c1228') in 0.015885 seconds
  Import took 0.021072 seconds .

========================================================================
Received Import Request.
  Time since last request: 0.023557 seconds.
  path: Assets/Scripts/HotkeySystem/HotkeySystemPresenter.cs
  artifactKey: Guid(49a7b38a11990654588b2771476631fa) Importer(815301076,1909f56bfc062723c751e8b465ee728b)
Start importing Assets/Scripts/HotkeySystem/HotkeySystemPresenter.cs using Guid(49a7b38a11990654588b2771476631fa) Importer(815301076,1909f56bfc062723c751e8b465ee728b)  -> (artifact id: '7c1c4b9b414fa660a7dca52b1d2c1228') in 0.003113 seconds
  Import took 0.008317 seconds .

========================================================================
Received Import Request.
  Time since last request: 37.917603 seconds.
  path: Assets/Scripts/HotkeySystem/UI_HotkeyBar.cs
  artifactKey: Guid(284ef4169eb1ad243a1a16d3ac133871) Importer(815301076,1909f56bfc062723c751e8b465ee728b)
Start importing Assets/Scripts/HotkeySystem/UI_HotkeyBar.cs using Guid(284ef4169eb1ad243a1a16d3ac133871) Importer(815301076,1909f56bfc062723c751e8b465ee728b)  -> (artifact id: '79d7a2a8df7c96086eb35a56269907c3') in 0.009765 seconds
  Import took 0.014770 seconds .

========================================================================
Received Prepare
Registering precompiled user dll's ...
Registered in 0.001347 seconds.
Begin MonoManager ReloadAssembly
Native extension for WindowsStandalone target not found
Refreshing native plugins compatible for Editor in 0.56 ms, found 1 plugins.
Preloading 0 native plugins for Editor in 0.00 ms.
Mono: successfully reloaded assembly
- Completed reload, in  1.149 seconds
Platform modules already initialized, skipping
Shader 'Universal Render Pipeline/Particles/Lit': fallback shader 'Universal Render Pipeline/Particles/SimpleLit' not found
Refreshing native plugins compatible for Editor in 0.54 ms, found 1 plugins.
Preloading 0 native plugins for Editor in 0.00 ms.
Unloading 2999 Unused Serialized files (Serialized files now loaded: 0)
System memory in use before: 126.8 MB.
System memory in use after: 126.9 MB.

Unloading 14 unused Assets to reduce memory usage. Loaded Objects now: 3525.
Total: 2.968400 ms (FindLiveObjects: 0.398100 ms CreateObjectMapping: 0.169100 ms MarkObjects: 2.255300 ms  DeleteObjects: 0.144400 ms)

========================================================================
Received Prepare
Registering precompiled user dll's ...
Registered in 0.001266 seconds.
Begin MonoManager ReloadAssembly
Native extension for WindowsStandalone target not found
Refreshing native plugins compatible for Editor in 0.78 ms, found 1 plugins.
Preloading 0 native plugins for Editor in 0.00 ms.
Mono: successfully reloaded assembly
- Completed reload, in  1.113 seconds
Platform modules already initialized, skipping
Shader 'Universal Render Pipeline/Particles/Lit': fallback shader 'Universal Render Pipeline/Particles/SimpleLit' not found
Refreshing native plugins compatible for Editor in 0.54 ms, found 1 plugins.
Preloading 0 native plugins for Editor in 0.00 ms.
Unloading 2999 Unused Serialized files (Serialized files now loaded: 0)
System memory in use before: 126.8 MB.
System memory in use after: 126.9 MB.

Unloading 14 unused Assets to reduce memory usage. Loaded Objects now: 3529.
Total: 2.632500 ms (FindLiveObjects: 0.272000 ms CreateObjectMapping: 0.077200 ms MarkObjects: 2.139600 ms  DeleteObjects: 0.142700 ms)

========================================================================
Received Prepare
Registering precompiled user dll's ...
Registered in 0.001203 seconds.
Begin MonoManager ReloadAssembly
Native extension for WindowsStandalone target not found
Refreshing native plugins compatible for Editor in 0.57 ms, found 1 plugins.
Preloading 0 native plugins for Editor in 0.00 ms.
Mono: successfully reloaded assembly
- Completed reload, in  1.077 seconds
Platform modules already initialized, skipping
Shader 'Universal Render Pipeline/Particles/Lit': fallback shader 'Universal Render Pipeline/Particles/SimpleLit' not found
Refreshing native plugins compatible for Editor in 0.56 ms, found 1 plugins.
Preloading 0 native plugins for Editor in 0.00 ms.
Unloading 3000 Unused Serialized files (Serialized files now loaded: 0)
System memory in use before: 126.9 MB.
System memory in use after: 127.0 MB.

Unloading 14 unused Assets to reduce memory usage. Loaded Objects now: 3534.
Total: 2.880800 ms (FindLiveObjects: 0.282500 ms CreateObjectMapping: 0.080900 ms MarkObjects: 2.367300 ms  DeleteObjects: 0.148300 ms)

========================================================================
Received Prepare
Registering precompiled user dll's ...
Registered in 0.001248 seconds.
Begin MonoManager ReloadAssembly
Native extension for WindowsStandalone target not found
Refreshing native plugins compatible for Editor in 0.53 ms, found 1 plugins.
Preloading 0 native plugins for Editor in 0.00 ms.
Mono: successfully reloaded assembly
- Completed reload, in  1.057 seconds
Platform modules already initialized, skipping
Shader 'Universal Render Pipeline/Particles/Lit': fallback shader 'Universal Render Pipeline/Particles/SimpleLit' not found
Refreshing native plugins compatible for Editor in 0.56 ms, found 1 plugins.
Preloading 0 native plugins for Editor in 0.00 ms.
Unloading 3000 Unused Serialized files (Serialized files now loaded: 0)
System memory in use before: 126.9 MB.
System memory in use after: 127.0 MB.

Unloading 14 unused Assets to reduce memory usage. Loaded Objects now: 3538.
Total: 2.470400 ms (FindLiveObjects: 0.274500 ms CreateObjectMapping: 0.078700 ms MarkObjects: 1.987300 ms  DeleteObjects: 0.128500 ms)

========================================================================
Received Prepare
Registering precompiled user dll's ...
Registered in 0.001364 seconds.
Begin MonoManager ReloadAssembly
Native extension for WindowsStandalone target not found
Refreshing native plugins compatible for Editor in 0.60 ms, found 1 plugins.
Preloading 0 native plugins for Editor in 0.00 ms.
Mono: successfully reloaded assembly
- Completed reload, in  1.123 seconds
Platform modules already initialized, skipping
Shader 'Universal Render Pipeline/Particles/Lit': fallback shader 'Universal Render Pipeline/Particles/SimpleLit' not found
Refreshing native plugins compatible for Editor in 0.60 ms, found 1 plugins.
Preloading 0 native plugins for Editor in 0.00 ms.
Unloading 3000 Unused Serialized files (Serialized files now loaded: 0)
System memory in use before: 126.9 MB.
System memory in use after: 127.0 MB.

Unloading 14 unused Assets to reduce memory usage. Loaded Objects now: 3542.
Total: 3.572500 ms (FindLiveObjects: 0.361900 ms CreateObjectMapping: 0.094800 ms MarkObjects: 2.941100 ms  DeleteObjects: 0.173100 ms)

