Using pre-set license
Built from '2020.3/staging' branch; Version is '2020.3.8f1 (507919d4fff5) revision 5273881'; Using compiler version '192528614'; Build Type 'Release'
OS: 'Windows 10 Pro; OS build 22000.282; Version 2009; 64bit' Language: 'ru' Physical Memory: 16334 MB
BatchMode: 1, IsHumanControllingUs: 0, StartBugReporterOnCrash: 0, Is64bit: 1, IsPro: 0

 COMMAND LINE ARGUMENTS:
C:\Program Files\Unity\Hub\Editor\2020.3.8f1\Editor\Unity.exe
-adb2
-batchMode
-noUpm
-name
AssetImportWorker0
-projectPath
E:/GitHub/Murphys-law/MurphysLaw
-logFile
Logs/AssetImportWorker0.log
-srvPort
11477
Successfully changed project path to: E:/GitHub/Murphys-law/MurphysLaw
E:/GitHub/Murphys-law/MurphysLaw
Using Asset Import Pipeline V2.
Refreshing native plugins compatible for Editor in 64.17 ms, found 1 plugins.
Preloading 0 native plugins for Editor in 0.00 ms.
Initialize engine version: 2020.3.8f1 (507919d4fff5)
[Subsystems] Discovering subsystems at path C:/Program Files/Unity/Hub/Editor/2020.3.8f1/Editor/Data/Resources/UnitySubsystems
[Subsystems] Discovering subsystems at path E:/GitHub/Murphys-law/MurphysLaw/Assets
GfxDevice: creating device client; threaded=0
Direct3D:
    Version:  Direct3D 11.0 [level 11.1]
    Renderer: NVIDIA GeForce GTX 1070 (ID=0x1b81)
    Vendor:   
    VRAM:     8088 MB
    Driver:   30.0.14.7212
Shader 'Universal Render Pipeline/Particles/Lit': fallback shader 'Universal Render Pipeline/Particles/SimpleLit' not found
Initialize mono
Mono path[0] = 'C:/Program Files/Unity/Hub/Editor/2020.3.8f1/Editor/Data/Managed'
Mono path[1] = 'C:/Program Files/Unity/Hub/Editor/2020.3.8f1/Editor/Data/MonoBleedingEdge/lib/mono/unityjit'
Mono config path = 'C:/Program Files/Unity/Hub/Editor/2020.3.8f1/Editor/Data/MonoBleedingEdge/etc'
Using monoOptions --debugger-agent=transport=dt_socket,embedding=1,server=y,suspend=n,address=127.0.0.1:56584
Begin MonoManager ReloadAssembly
Registering precompiled unity dll's ...
Register platform support module: C:/Program Files/Unity/Hub/Editor/2020.3.8f1/Editor/Data/PlaybackEngines/WindowsStandaloneSupport/UnityEditor.WindowsStandalone.Extensions.dll
Registered in 0.001601 seconds.
Native extension for WindowsStandalone target not found
Refreshing native plugins compatible for Editor in 67.36 ms, found 1 plugins.
Preloading 0 native plugins for Editor in 0.00 ms.
Mono: successfully reloaded assembly
- Completed reload, in  1.457 seconds
Platform modules already initialized, skipping
Registering precompiled user dll's ...
Registered in 0.001315 seconds.
Begin MonoManager ReloadAssembly
Native extension for WindowsStandalone target not found
Refreshing native plugins compatible for Editor in 61.98 ms, found 1 plugins.
Preloading 0 native plugins for Editor in 0.00 ms.
Mono: successfully reloaded assembly
- Completed reload, in  1.262 seconds
Platform modules already initialized, skipping
========================================================================
Worker process is ready to serve import requests
Shader 'Universal Render Pipeline/Particles/Lit': fallback shader 'Universal Render Pipeline/Particles/SimpleLit' not found
Launched and connected shader compiler UnityShaderCompiler.exe after 0.04 seconds
Refreshing native plugins compatible for Editor in 0.66 ms, found 1 plugins.
Preloading 0 native plugins for Editor in 0.00 ms.
Unloading 3077 Unused Serialized files (Serialized files now loaded: 0)
System memory in use before: 133.7 MB.
System memory in use after: 133.7 MB.

Unloading 26 unused Assets to reduce memory usage. Loaded Objects now: 3521.
Total: 2.661300 ms (FindLiveObjects: 0.303800 ms CreateObjectMapping: 0.087100 ms MarkObjects: 2.120400 ms  DeleteObjects: 0.148500 ms)

========================================================================
Received Import Request.
  path: Assets/Animation/UI_DeathScreen.controller
  artifactKey: Guid(35ad3531cd0917c4d9d1f674024c4e3e) Importer(815301076,1909f56bfc062723c751e8b465ee728b)
Start importing Assets/Animation/UI_DeathScreen.controller using Guid(35ad3531cd0917c4d9d1f674024c4e3e) Importer(815301076,1909f56bfc062723c751e8b465ee728b)  -> (artifact id: 'e5754035a09343ce9c8a0dce3176bdff') in 0.044502 seconds
  Import took 0.084877 seconds .

========================================================================
Received Import Request.
  Time since last request: 0.978713 seconds.
  path: Assets/Animation/GUI
  artifactKey: Guid(7fccc782fb2396146970d0f8529383c0) Importer(815301076,1909f56bfc062723c751e8b465ee728b)
Start importing Assets/Animation/GUI using Guid(7fccc782fb2396146970d0f8529383c0) Importer(815301076,1909f56bfc062723c751e8b465ee728b)  -> (artifact id: 'c6498d87e84817d77b376d08c8dd7c90') in 0.009632 seconds
  Import took 0.035504 seconds .

========================================================================
Received Import Request.
  Time since last request: 12.731602 seconds.
  path: Assets/Animation/GUI/AppearAnimation.anim
  artifactKey: Guid(d22048884060ca04eb1b2ce8f69dd8a8) Importer(815301076,1909f56bfc062723c751e8b465ee728b)
Start importing Assets/Animation/GUI/AppearAnimation.anim using Guid(d22048884060ca04eb1b2ce8f69dd8a8) Importer(815301076,1909f56bfc062723c751e8b465ee728b)  -> (artifact id: '66f8482d470f8337d47dfd34a2949f9b') in 0.012242 seconds
  Import took 0.017205 seconds .

========================================================================
Received Import Request.
  Time since last request: 2.011555 seconds.
  path: Assets/Animation/GUI/UI_DeathScreen.controller
  artifactKey: Guid(35ad3531cd0917c4d9d1f674024c4e3e) Importer(815301076,1909f56bfc062723c751e8b465ee728b)
Start importing Assets/Animation/GUI/UI_DeathScreen.controller using Guid(35ad3531cd0917c4d9d1f674024c4e3e) Importer(815301076,1909f56bfc062723c751e8b465ee728b)  -> (artifact id: '7dc902c4c42c55d257b3a10b2c41126d') in 0.004578 seconds
  Import took 0.029233 seconds .

========================================================================
Received Import Request.
  Time since last request: 12.595755 seconds.
  path: Assets/Sprites/CitySpriteAtlas.spriteatlas
  artifactKey: Guid(100604ddacaab7f48816964cd692875a) Importer(815301076,1909f56bfc062723c751e8b465ee728b)
Start importing Assets/Sprites/CitySpriteAtlas.spriteatlas using Guid(100604ddacaab7f48816964cd692875a) Importer(815301076,1909f56bfc062723c751e8b465ee728b)  -> (artifact id: '22320dddb1c66845d90ef2b29de20e5c') in 0.012056 seconds
  Import took 0.038205 seconds .

========================================================================
Received Import Request.
  Time since last request: 0.010837 seconds.
  path: Assets/Sprites/CitySpriteAtlas.spriteatlas
  artifactKey: Guid(100604ddacaab7f48816964cd692875a) Importer(815301076,1909f56bfc062723c751e8b465ee728b)
Start importing Assets/Sprites/CitySpriteAtlas.spriteatlas using Guid(100604ddacaab7f48816964cd692875a) Importer(815301076,1909f56bfc062723c751e8b465ee728b)  -> (artifact id: '22320dddb1c66845d90ef2b29de20e5c') in 0.003074 seconds
  Import took 0.007573 seconds .

========================================================================
Received Import Request.
  Time since last request: 0.864722 seconds.
  path: Assets/Sprites/DeathScreen.png
  artifactKey: Guid(3dc2f252105b69b40874976f888035ef) Importer(815301076,1909f56bfc062723c751e8b465ee728b)
Start importing Assets/Sprites/DeathScreen.png using Guid(3dc2f252105b69b40874976f888035ef) Importer(815301076,1909f56bfc062723c751e8b465ee728b)  -> (artifact id: 'e7b8d11d3aa4e87eefb470082fa2ccf3') in 0.108569 seconds
  Import took 0.113784 seconds .

========================================================================
Received Import Request.
  Time since last request: 9.559251 seconds.
  path: Assets/Sprites/DeathScreen.png
  artifactKey: Guid(3dc2f252105b69b40874976f888035ef) Importer(815301076,1909f56bfc062723c751e8b465ee728b)
Start importing Assets/Sprites/DeathScreen.png using Guid(3dc2f252105b69b40874976f888035ef) Importer(815301076,1909f56bfc062723c751e8b465ee728b)  -> (artifact id: '5e361e5caa36958b95f5c0c0e132ee8f') in 0.016063 seconds
  Import took 0.021296 seconds .

========================================================================
Received Import Request.
  Time since last request: 8.924016 seconds.
  path: Assets/Sprites/DeathScreen.png
  artifactKey: Guid(3dc2f252105b69b40874976f888035ef) Importer(815301076,1909f56bfc062723c751e8b465ee728b)
Start importing Assets/Sprites/DeathScreen.png using Guid(3dc2f252105b69b40874976f888035ef) Importer(815301076,1909f56bfc062723c751e8b465ee728b)  -> (artifact id: '2092c1a195f6d3ef56ddbc52231c0d13') in 0.049168 seconds
  Import took 0.077700 seconds .

========================================================================
Received Import Request.
  Time since last request: 12.813644 seconds.
  path: Assets/Sprites/DeathScreen.png
  artifactKey: Guid(3dc2f252105b69b40874976f888035ef) Importer(815301076,1909f56bfc062723c751e8b465ee728b)
Start importing Assets/Sprites/DeathScreen.png using Guid(3dc2f252105b69b40874976f888035ef) Importer(815301076,1909f56bfc062723c751e8b465ee728b)  -> (artifact id: '6e043c9ca791c080661f8fec4394abb2') in 0.014188 seconds
  Import took 0.019201 seconds .

========================================================================
Received Import Request.
  Time since last request: 5.626327 seconds.
  path: Assets/Sprites/DeathScreen.png
  artifactKey: Guid(3dc2f252105b69b40874976f888035ef) Importer(815301076,1909f56bfc062723c751e8b465ee728b)
Start importing Assets/Sprites/DeathScreen.png using Guid(3dc2f252105b69b40874976f888035ef) Importer(815301076,1909f56bfc062723c751e8b465ee728b)  -> (artifact id: 'fded054dfe17c132ced7d42876b4d1ac') in 0.097550 seconds
  Import took 0.120330 seconds .

========================================================================
Received Import Request.
  Time since last request: 5.726294 seconds.
  path: Assets/Sprites/UIDSButtons.gif
  artifactKey: Guid(5dc25a1046a9d3344beee7b3c6429e7d) Importer(815301076,1909f56bfc062723c751e8b465ee728b)
Start importing Assets/Sprites/UIDSButtons.gif using Guid(5dc25a1046a9d3344beee7b3c6429e7d) Importer(815301076,1909f56bfc062723c751e8b465ee728b)  -> (artifact id: '5d588904c82352df1ae5c875d4274490') in 0.068478 seconds
  Import took 0.100386 seconds .

========================================================================
Received Import Request.
  Time since last request: 4.971566 seconds.
  path: Assets/Sprites/UIDSButtons.gif
  artifactKey: Guid(5dc25a1046a9d3344beee7b3c6429e7d) Importer(815301076,1909f56bfc062723c751e8b465ee728b)
Start importing Assets/Sprites/UIDSButtons.gif using Guid(5dc25a1046a9d3344beee7b3c6429e7d) Importer(815301076,1909f56bfc062723c751e8b465ee728b)  -> (artifact id: '8493f20a020261811b2ef38acdf5a401') in 0.011785 seconds
  Import took 0.030532 seconds .

========================================================================
Received Import Request.
  Time since last request: 9.107728 seconds.
  path: Assets/Sprites/UIDSButtons.gif
  artifactKey: Guid(5dc25a1046a9d3344beee7b3c6429e7d) Importer(815301076,1909f56bfc062723c751e8b465ee728b)
Start importing Assets/Sprites/UIDSButtons.gif using Guid(5dc25a1046a9d3344beee7b3c6429e7d) Importer(815301076,1909f56bfc062723c751e8b465ee728b)  -> (artifact id: '4fbe0aaf3171229fe2ca59ebe4ab3584') in 0.043699 seconds
  Import took 0.064965 seconds .

========================================================================
Received Import Request.
  Time since last request: 115.672000 seconds.
  path: Assets/Sprites/DeathScreen.png
  artifactKey: Guid(3dc2f252105b69b40874976f888035ef) Importer(815301076,1909f56bfc062723c751e8b465ee728b)
Start importing Assets/Sprites/DeathScreen.png using Guid(3dc2f252105b69b40874976f888035ef) Importer(815301076,1909f56bfc062723c751e8b465ee728b)  -> (artifact id: 'ed0dd72c12a2329f44c5e9d082797ebc') in 0.090785 seconds
  Import took 0.108918 seconds .

========================================================================
Received Import Request.
  Time since last request: 12.270266 seconds.
  path: Assets/Sprites/DeathScreen.png
  artifactKey: Guid(3dc2f252105b69b40874976f888035ef) Importer(815301076,1909f56bfc062723c751e8b465ee728b)
Start importing Assets/Sprites/DeathScreen.png using Guid(3dc2f252105b69b40874976f888035ef) Importer(815301076,1909f56bfc062723c751e8b465ee728b)  -> (artifact id: 'c56c4603aeb1395d034f2b7fa042f148') in 0.101176 seconds
  Import took 0.128937 seconds .

========================================================================
Received Prepare
Registering precompiled user dll's ...
Registered in 0.001252 seconds.
Begin MonoManager ReloadAssembly
Native extension for WindowsStandalone target not found
Refreshing native plugins compatible for Editor in 0.54 ms, found 1 plugins.
Preloading 0 native plugins for Editor in 0.00 ms.
Mono: successfully reloaded assembly
- Completed reload, in  1.209 seconds
Platform modules already initialized, skipping
Shader 'Universal Render Pipeline/Particles/Lit': fallback shader 'Universal Render Pipeline/Particles/SimpleLit' not found
Refreshing native plugins compatible for Editor in 0.55 ms, found 1 plugins.
Preloading 0 native plugins for Editor in 0.00 ms.
Unloading 3002 Unused Serialized files (Serialized files now loaded: 0)
System memory in use before: 129.8 MB.
System memory in use after: 129.9 MB.

Unloading 15 unused Assets to reduce memory usage. Loaded Objects now: 3539.
Total: 2.601900 ms (FindLiveObjects: 0.291400 ms CreateObjectMapping: 0.081500 ms MarkObjects: 2.097800 ms  DeleteObjects: 0.129700 ms)

========================================================================
Received Prepare
Registering precompiled user dll's ...
Registered in 0.001265 seconds.
Begin MonoManager ReloadAssembly
Native extension for WindowsStandalone target not found
Refreshing native plugins compatible for Editor in 0.70 ms, found 1 plugins.
Preloading 0 native plugins for Editor in 0.00 ms.
Mono: successfully reloaded assembly
- Completed reload, in  1.127 seconds
Platform modules already initialized, skipping
Shader 'Universal Render Pipeline/Particles/Lit': fallback shader 'Universal Render Pipeline/Particles/SimpleLit' not found
Refreshing native plugins compatible for Editor in 0.57 ms, found 1 plugins.
Preloading 0 native plugins for Editor in 0.00 ms.
Unloading 3002 Unused Serialized files (Serialized files now loaded: 0)
System memory in use before: 129.9 MB.
System memory in use after: 130.0 MB.

Unloading 14 unused Assets to reduce memory usage. Loaded Objects now: 3543.
Total: 2.908800 ms (FindLiveObjects: 0.341900 ms CreateObjectMapping: 0.084700 ms MarkObjects: 2.345000 ms  DeleteObjects: 0.135800 ms)

========================================================================
Received Prepare
Registering precompiled user dll's ...
Registered in 0.001236 seconds.
Begin MonoManager ReloadAssembly
Native extension for WindowsStandalone target not found
Refreshing native plugins compatible for Editor in 0.64 ms, found 1 plugins.
Preloading 0 native plugins for Editor in 0.00 ms.
Mono: successfully reloaded assembly
- Completed reload, in  1.117 seconds
Platform modules already initialized, skipping
Shader 'Universal Render Pipeline/Particles/Lit': fallback shader 'Universal Render Pipeline/Particles/SimpleLit' not found
Refreshing native plugins compatible for Editor in 0.53 ms, found 1 plugins.
Preloading 0 native plugins for Editor in 0.00 ms.
Unloading 3002 Unused Serialized files (Serialized files now loaded: 0)
System memory in use before: 129.9 MB.
System memory in use after: 130.0 MB.

Unloading 14 unused Assets to reduce memory usage. Loaded Objects now: 3547.
Total: 2.581400 ms (FindLiveObjects: 0.327600 ms CreateObjectMapping: 0.081900 ms MarkObjects: 2.045100 ms  DeleteObjects: 0.125100 ms)

========================================================================
Received Prepare
Registering precompiled user dll's ...
Registered in 0.001200 seconds.
Begin MonoManager ReloadAssembly
Native extension for WindowsStandalone target not found
Refreshing native plugins compatible for Editor in 0.53 ms, found 1 plugins.
Preloading 0 native plugins for Editor in 0.00 ms.
Mono: successfully reloaded assembly
- Completed reload, in  1.131 seconds
Platform modules already initialized, skipping
Shader 'Universal Render Pipeline/Particles/Lit': fallback shader 'Universal Render Pipeline/Particles/SimpleLit' not found
Refreshing native plugins compatible for Editor in 0.53 ms, found 1 plugins.
Preloading 0 native plugins for Editor in 0.00 ms.
Unloading 3002 Unused Serialized files (Serialized files now loaded: 0)
System memory in use before: 129.9 MB.
System memory in use after: 130.0 MB.

Unloading 14 unused Assets to reduce memory usage. Loaded Objects now: 3551.
Total: 2.540200 ms (FindLiveObjects: 0.285300 ms CreateObjectMapping: 0.081500 ms MarkObjects: 2.042000 ms  DeleteObjects: 0.130400 ms)

========================================================================
Received Prepare
Registering precompiled user dll's ...
Registered in 0.001191 seconds.
Begin MonoManager ReloadAssembly
Native extension for WindowsStandalone target not found
Refreshing native plugins compatible for Editor in 0.55 ms, found 1 plugins.
Preloading 0 native plugins for Editor in 0.00 ms.
Mono: successfully reloaded assembly
- Completed reload, in  1.125 seconds
Platform modules already initialized, skipping
Shader 'Universal Render Pipeline/Particles/Lit': fallback shader 'Universal Render Pipeline/Particles/SimpleLit' not found
Refreshing native plugins compatible for Editor in 0.60 ms, found 1 plugins.
Preloading 0 native plugins for Editor in 0.00 ms.
Unloading 3002 Unused Serialized files (Serialized files now loaded: 0)
System memory in use before: 129.9 MB.
System memory in use after: 130.0 MB.

Unloading 14 unused Assets to reduce memory usage. Loaded Objects now: 3555.
Total: 2.835800 ms (FindLiveObjects: 0.296300 ms CreateObjectMapping: 0.079600 ms MarkObjects: 2.297600 ms  DeleteObjects: 0.160600 ms)

========================================================================
Received Prepare
Registering precompiled user dll's ...
Registered in 0.001283 seconds.
Begin MonoManager ReloadAssembly
Native extension for WindowsStandalone target not found
Refreshing native plugins compatible for Editor in 0.57 ms, found 1 plugins.
Preloading 0 native plugins for Editor in 0.00 ms.
Mono: successfully reloaded assembly
- Completed reload, in  1.118 seconds
Platform modules already initialized, skipping
Shader 'Universal Render Pipeline/Particles/Lit': fallback shader 'Universal Render Pipeline/Particles/SimpleLit' not found
Refreshing native plugins compatible for Editor in 0.52 ms, found 1 plugins.
Preloading 0 native plugins for Editor in 0.00 ms.
Unloading 3002 Unused Serialized files (Serialized files now loaded: 0)
System memory in use before: 130.0 MB.
System memory in use after: 130.1 MB.

Unloading 14 unused Assets to reduce memory usage. Loaded Objects now: 3559.
Total: 3.187600 ms (FindLiveObjects: 0.344200 ms CreateObjectMapping: 0.096200 ms MarkObjects: 2.576000 ms  DeleteObjects: 0.169200 ms)

========================================================================
Received Prepare
Registering precompiled user dll's ...
Registered in 0.001321 seconds.
Begin MonoManager ReloadAssembly
Native extension for WindowsStandalone target not found
Refreshing native plugins compatible for Editor in 0.65 ms, found 1 plugins.
Preloading 0 native plugins for Editor in 0.00 ms.
Mono: successfully reloaded assembly
- Completed reload, in  1.102 seconds
Platform modules already initialized, skipping
Shader 'Universal Render Pipeline/Particles/Lit': fallback shader 'Universal Render Pipeline/Particles/SimpleLit' not found
Refreshing native plugins compatible for Editor in 0.52 ms, found 1 plugins.
Preloading 0 native plugins for Editor in 0.00 ms.
Unloading 3002 Unused Serialized files (Serialized files now loaded: 0)
System memory in use before: 130.0 MB.
System memory in use after: 130.1 MB.

Unloading 14 unused Assets to reduce memory usage. Loaded Objects now: 3563.
Total: 2.562700 ms (FindLiveObjects: 0.282800 ms CreateObjectMapping: 0.083200 ms MarkObjects: 2.066000 ms  DeleteObjects: 0.129400 ms)

========================================================================
Received Prepare
Registering precompiled user dll's ...
Registered in 0.001413 seconds.
Begin MonoManager ReloadAssembly
Native extension for WindowsStandalone target not found
Refreshing native plugins compatible for Editor in 0.53 ms, found 1 plugins.
Preloading 0 native plugins for Editor in 0.00 ms.
Mono: successfully reloaded assembly
- Completed reload, in  1.107 seconds
Platform modules already initialized, skipping
Shader 'Universal Render Pipeline/Particles/Lit': fallback shader 'Universal Render Pipeline/Particles/SimpleLit' not found
Refreshing native plugins compatible for Editor in 0.55 ms, found 1 plugins.
Preloading 0 native plugins for Editor in 0.00 ms.
Unloading 3002 Unused Serialized files (Serialized files now loaded: 0)
System memory in use before: 130.0 MB.
System memory in use after: 130.1 MB.

Unloading 14 unused Assets to reduce memory usage. Loaded Objects now: 3567.
Total: 2.762000 ms (FindLiveObjects: 0.305900 ms CreateObjectMapping: 0.102100 ms MarkObjects: 2.214200 ms  DeleteObjects: 0.138200 ms)

========================================================================
Received Prepare
Registering precompiled user dll's ...
Registered in 0.001196 seconds.
Begin MonoManager ReloadAssembly
Native extension for WindowsStandalone target not found
Refreshing native plugins compatible for Editor in 0.53 ms, found 1 plugins.
Preloading 0 native plugins for Editor in 0.00 ms.
Mono: successfully reloaded assembly
- Completed reload, in  1.104 seconds
Platform modules already initialized, skipping
Shader 'Universal Render Pipeline/Particles/Lit': fallback shader 'Universal Render Pipeline/Particles/SimpleLit' not found
Refreshing native plugins compatible for Editor in 0.55 ms, found 1 plugins.
Preloading 0 native plugins for Editor in 0.00 ms.
Unloading 3002 Unused Serialized files (Serialized files now loaded: 0)
System memory in use before: 130.0 MB.
System memory in use after: 130.1 MB.

Unloading 14 unused Assets to reduce memory usage. Loaded Objects now: 3571.
Total: 2.626400 ms (FindLiveObjects: 0.311400 ms CreateObjectMapping: 0.084400 ms MarkObjects: 2.098700 ms  DeleteObjects: 0.130700 ms)

========================================================================
Received Prepare
Registering precompiled user dll's ...
Registered in 0.001189 seconds.
Begin MonoManager ReloadAssembly
Native extension for WindowsStandalone target not found
Refreshing native plugins compatible for Editor in 0.52 ms, found 1 plugins.
Preloading 0 native plugins for Editor in 0.00 ms.
Mono: successfully reloaded assembly
- Completed reload, in  1.072 seconds
Platform modules already initialized, skipping
Shader 'Universal Render Pipeline/Particles/Lit': fallback shader 'Universal Render Pipeline/Particles/SimpleLit' not found
Refreshing native plugins compatible for Editor in 0.53 ms, found 1 plugins.
Preloading 0 native plugins for Editor in 0.00 ms.
Unloading 3002 Unused Serialized files (Serialized files now loaded: 0)
System memory in use before: 130.0 MB.
System memory in use after: 130.1 MB.

Unloading 14 unused Assets to reduce memory usage. Loaded Objects now: 3575.
Total: 2.567900 ms (FindLiveObjects: 0.288200 ms CreateObjectMapping: 0.081300 ms MarkObjects: 2.067400 ms  DeleteObjects: 0.129900 ms)

========================================================================
Received Prepare
Registering precompiled user dll's ...
Registered in 0.001226 seconds.
Begin MonoManager ReloadAssembly
Native extension for WindowsStandalone target not found
Refreshing native plugins compatible for Editor in 0.52 ms, found 1 plugins.
Preloading 0 native plugins for Editor in 0.00 ms.
Mono: successfully reloaded assembly
- Completed reload, in  1.132 seconds
Platform modules already initialized, skipping
Shader 'Universal Render Pipeline/Particles/Lit': fallback shader 'Universal Render Pipeline/Particles/SimpleLit' not found
Refreshing native plugins compatible for Editor in 0.52 ms, found 1 plugins.
Preloading 0 native plugins for Editor in 0.00 ms.
Unloading 3002 Unused Serialized files (Serialized files now loaded: 0)
System memory in use before: 130.0 MB.
System memory in use after: 130.1 MB.

Unloading 14 unused Assets to reduce memory usage. Loaded Objects now: 3579.
Total: 2.563300 ms (FindLiveObjects: 0.279600 ms CreateObjectMapping: 0.081000 ms MarkObjects: 2.069800 ms  DeleteObjects: 0.131800 ms)

========================================================================
Received Prepare
Registering precompiled user dll's ...
Registered in 0.001221 seconds.
Begin MonoManager ReloadAssembly
Native extension for WindowsStandalone target not found
Refreshing native plugins compatible for Editor in 0.62 ms, found 1 plugins.
Preloading 0 native plugins for Editor in 0.00 ms.
Mono: successfully reloaded assembly
- Completed reload, in  1.078 seconds
Platform modules already initialized, skipping
Shader 'Universal Render Pipeline/Particles/Lit': fallback shader 'Universal Render Pipeline/Particles/SimpleLit' not found
Refreshing native plugins compatible for Editor in 0.59 ms, found 1 plugins.
Preloading 0 native plugins for Editor in 0.00 ms.
Unloading 3002 Unused Serialized files (Serialized files now loaded: 0)
System memory in use before: 130.0 MB.
System memory in use after: 130.1 MB.

Unloading 14 unused Assets to reduce memory usage. Loaded Objects now: 3583.
Total: 2.908200 ms (FindLiveObjects: 0.333500 ms CreateObjectMapping: 0.084800 ms MarkObjects: 2.345000 ms  DeleteObjects: 0.143400 ms)

========================================================================
Received Prepare
Registering precompiled user dll's ...
Registered in 0.001546 seconds.
Begin MonoManager ReloadAssembly
Native extension for WindowsStandalone target not found
Refreshing native plugins compatible for Editor in 0.51 ms, found 1 plugins.
Preloading 0 native plugins for Editor in 0.00 ms.
Mono: successfully reloaded assembly
- Completed reload, in  1.141 seconds
Platform modules already initialized, skipping
Shader 'Universal Render Pipeline/Particles/Lit': fallback shader 'Universal Render Pipeline/Particles/SimpleLit' not found
Refreshing native plugins compatible for Editor in 0.59 ms, found 1 plugins.
Preloading 0 native plugins for Editor in 0.00 ms.
Unloading 3002 Unused Serialized files (Serialized files now loaded: 0)
System memory in use before: 130.0 MB.
System memory in use after: 130.1 MB.

Unloading 14 unused Assets to reduce memory usage. Loaded Objects now: 3587.
Total: 3.412500 ms (FindLiveObjects: 0.507900 ms CreateObjectMapping: 0.105000 ms MarkObjects: 2.659000 ms  DeleteObjects: 0.138900 ms)

========================================================================
Received Prepare
Registering precompiled user dll's ...
Registered in 0.001116 seconds.
Begin MonoManager ReloadAssembly
Native extension for WindowsStandalone target not found
Refreshing native plugins compatible for Editor in 0.53 ms, found 1 plugins.
Preloading 0 native plugins for Editor in 0.00 ms.
Mono: successfully reloaded assembly
- Completed reload, in  1.099 seconds
Platform modules already initialized, skipping
Shader 'Universal Render Pipeline/Particles/Lit': fallback shader 'Universal Render Pipeline/Particles/SimpleLit' not found
Refreshing native plugins compatible for Editor in 0.52 ms, found 1 plugins.
Preloading 0 native plugins for Editor in 0.00 ms.
Unloading 3002 Unused Serialized files (Serialized files now loaded: 0)
System memory in use before: 130.0 MB.
System memory in use after: 130.1 MB.

Unloading 14 unused Assets to reduce memory usage. Loaded Objects now: 3591.
Total: 2.787200 ms (FindLiveObjects: 0.297300 ms CreateObjectMapping: 0.083400 ms MarkObjects: 2.268300 ms  DeleteObjects: 0.137000 ms)

========================================================================
Received Prepare
Registering precompiled user dll's ...
Registered in 0.001182 seconds.
Begin MonoManager ReloadAssembly
Native extension for WindowsStandalone target not found
Refreshing native plugins compatible for Editor in 0.53 ms, found 1 plugins.
Preloading 0 native plugins for Editor in 0.00 ms.
Mono: successfully reloaded assembly
- Completed reload, in  1.110 seconds
Platform modules already initialized, skipping
Shader 'Universal Render Pipeline/Particles/Lit': fallback shader 'Universal Render Pipeline/Particles/SimpleLit' not found
Refreshing native plugins compatible for Editor in 0.65 ms, found 1 plugins.
Preloading 0 native plugins for Editor in 0.00 ms.
Unloading 3002 Unused Serialized files (Serialized files now loaded: 0)
System memory in use before: 130.0 MB.
System memory in use after: 130.1 MB.

Unloading 14 unused Assets to reduce memory usage. Loaded Objects now: 3595.
Total: 2.740000 ms (FindLiveObjects: 0.297600 ms CreateObjectMapping: 0.081700 ms MarkObjects: 2.225800 ms  DeleteObjects: 0.133700 ms)

========================================================================
Received Prepare
Registering precompiled user dll's ...
Registered in 0.001213 seconds.
Begin MonoManager ReloadAssembly
Native extension for WindowsStandalone target not found
Refreshing native plugins compatible for Editor in 0.54 ms, found 1 plugins.
Preloading 0 native plugins for Editor in 0.00 ms.
Mono: successfully reloaded assembly
- Completed reload, in  1.102 seconds
Platform modules already initialized, skipping
Shader 'Universal Render Pipeline/Particles/Lit': fallback shader 'Universal Render Pipeline/Particles/SimpleLit' not found
Refreshing native plugins compatible for Editor in 0.55 ms, found 1 plugins.
Preloading 0 native plugins for Editor in 0.00 ms.
Unloading 3002 Unused Serialized files (Serialized files now loaded: 0)
System memory in use before: 130.1 MB.
System memory in use after: 130.1 MB.

Unloading 14 unused Assets to reduce memory usage. Loaded Objects now: 3599.
Total: 2.644000 ms (FindLiveObjects: 0.305600 ms CreateObjectMapping: 0.083700 ms MarkObjects: 2.112900 ms  DeleteObjects: 0.140500 ms)

========================================================================
Received Prepare
Registering precompiled user dll's ...
Registered in 0.001218 seconds.
Begin MonoManager ReloadAssembly
Native extension for WindowsStandalone target not found
Refreshing native plugins compatible for Editor in 0.65 ms, found 1 plugins.
Preloading 0 native plugins for Editor in 0.00 ms.
Mono: successfully reloaded assembly
- Completed reload, in  1.106 seconds
Platform modules already initialized, skipping
Shader 'Universal Render Pipeline/Particles/Lit': fallback shader 'Universal Render Pipeline/Particles/SimpleLit' not found
Refreshing native plugins compatible for Editor in 0.53 ms, found 1 plugins.
Preloading 0 native plugins for Editor in 0.00 ms.
Unloading 3002 Unused Serialized files (Serialized files now loaded: 0)
System memory in use before: 130.1 MB.
System memory in use after: 130.2 MB.

Unloading 14 unused Assets to reduce memory usage. Loaded Objects now: 3603.
Total: 3.048400 ms (FindLiveObjects: 0.398200 ms CreateObjectMapping: 0.097500 ms MarkObjects: 2.390900 ms  DeleteObjects: 0.159400 ms)

========================================================================
Received Prepare
Registering precompiled user dll's ...
Registered in 0.001221 seconds.
Begin MonoManager ReloadAssembly
Native extension for WindowsStandalone target not found
Refreshing native plugins compatible for Editor in 0.53 ms, found 1 plugins.
Preloading 0 native plugins for Editor in 0.00 ms.
Mono: successfully reloaded assembly
- Completed reload, in  1.096 seconds
Platform modules already initialized, skipping
Shader 'Universal Render Pipeline/Particles/Lit': fallback shader 'Universal Render Pipeline/Particles/SimpleLit' not found
Refreshing native plugins compatible for Editor in 0.52 ms, found 1 plugins.
Preloading 0 native plugins for Editor in 0.00 ms.
Unloading 3002 Unused Serialized files (Serialized files now loaded: 0)
System memory in use before: 130.1 MB.
System memory in use after: 130.2 MB.

Unloading 14 unused Assets to reduce memory usage. Loaded Objects now: 3607.
Total: 2.654500 ms (FindLiveObjects: 0.295000 ms CreateObjectMapping: 0.084200 ms MarkObjects: 2.144800 ms  DeleteObjects: 0.129400 ms)

========================================================================
Received Prepare
Registering precompiled user dll's ...
Registered in 0.001218 seconds.
Begin MonoManager ReloadAssembly
Native extension for WindowsStandalone target not found
Refreshing native plugins compatible for Editor in 0.50 ms, found 1 plugins.
Preloading 0 native plugins for Editor in 0.00 ms.
Mono: successfully reloaded assembly
- Completed reload, in  1.100 seconds
Platform modules already initialized, skipping
Shader 'Universal Render Pipeline/Particles/Lit': fallback shader 'Universal Render Pipeline/Particles/SimpleLit' not found
Refreshing native plugins compatible for Editor in 0.54 ms, found 1 plugins.
Preloading 0 native plugins for Editor in 0.00 ms.
Unloading 3002 Unused Serialized files (Serialized files now loaded: 0)
System memory in use before: 130.1 MB.
System memory in use after: 130.2 MB.

Unloading 14 unused Assets to reduce memory usage. Loaded Objects now: 3611.
Total: 2.618400 ms (FindLiveObjects: 0.349500 ms CreateObjectMapping: 0.083000 ms MarkObjects: 2.048600 ms  DeleteObjects: 0.135600 ms)

========================================================================
Received Prepare
Registering precompiled user dll's ...
Registered in 0.001225 seconds.
Begin MonoManager ReloadAssembly
Native extension for WindowsStandalone target not found
Refreshing native plugins compatible for Editor in 0.53 ms, found 1 plugins.
Preloading 0 native plugins for Editor in 0.00 ms.
Mono: successfully reloaded assembly
- Completed reload, in  1.110 seconds
Platform modules already initialized, skipping
Shader 'Universal Render Pipeline/Particles/Lit': fallback shader 'Universal Render Pipeline/Particles/SimpleLit' not found
Refreshing native plugins compatible for Editor in 0.53 ms, found 1 plugins.
Preloading 0 native plugins for Editor in 0.00 ms.
Unloading 3002 Unused Serialized files (Serialized files now loaded: 0)
System memory in use before: 130.1 MB.
System memory in use after: 130.2 MB.

Unloading 14 unused Assets to reduce memory usage. Loaded Objects now: 3615.
Total: 2.596100 ms (FindLiveObjects: 0.282900 ms CreateObjectMapping: 0.081800 ms MarkObjects: 2.095600 ms  DeleteObjects: 0.134200 ms)

========================================================================
Received Prepare
Registering precompiled user dll's ...
Registered in 0.001193 seconds.
Begin MonoManager ReloadAssembly
Native extension for WindowsStandalone target not found
Refreshing native plugins compatible for Editor in 0.55 ms, found 1 plugins.
Preloading 0 native plugins for Editor in 0.00 ms.
Mono: successfully reloaded assembly
- Completed reload, in  1.100 seconds
Platform modules already initialized, skipping
Shader 'Universal Render Pipeline/Particles/Lit': fallback shader 'Universal Render Pipeline/Particles/SimpleLit' not found
Refreshing native plugins compatible for Editor in 0.70 ms, found 1 plugins.
Preloading 0 native plugins for Editor in 0.00 ms.
Unloading 3002 Unused Serialized files (Serialized files now loaded: 0)
System memory in use before: 130.1 MB.
System memory in use after: 130.2 MB.

Unloading 14 unused Assets to reduce memory usage. Loaded Objects now: 3619.
Total: 2.797300 ms (FindLiveObjects: 0.302100 ms CreateObjectMapping: 0.082000 ms MarkObjects: 2.264800 ms  DeleteObjects: 0.146700 ms)

========================================================================
Received Prepare
Registering precompiled user dll's ...
Registered in 0.001222 seconds.
Begin MonoManager ReloadAssembly
Native extension for WindowsStandalone target not found
Refreshing native plugins compatible for Editor in 0.52 ms, found 1 plugins.
Preloading 0 native plugins for Editor in 0.00 ms.
Mono: successfully reloaded assembly
- Completed reload, in  1.120 seconds
Platform modules already initialized, skipping
Shader 'Universal Render Pipeline/Particles/Lit': fallback shader 'Universal Render Pipeline/Particles/SimpleLit' not found
Refreshing native plugins compatible for Editor in 0.55 ms, found 1 plugins.
Preloading 0 native plugins for Editor in 0.00 ms.
Unloading 3002 Unused Serialized files (Serialized files now loaded: 0)
System memory in use before: 130.1 MB.
System memory in use after: 130.2 MB.

Unloading 14 unused Assets to reduce memory usage. Loaded Objects now: 3623.
Total: 2.535300 ms (FindLiveObjects: 0.291000 ms CreateObjectMapping: 0.083500 ms MarkObjects: 2.029900 ms  DeleteObjects: 0.129800 ms)

========================================================================
Received Prepare
Registering precompiled user dll's ...
Registered in 0.001245 seconds.
Begin MonoManager ReloadAssembly
Native extension for WindowsStandalone target not found
Refreshing native plugins compatible for Editor in 0.51 ms, found 1 plugins.
Preloading 0 native plugins for Editor in 0.00 ms.
Mono: successfully reloaded assembly
- Completed reload, in  1.106 seconds
Platform modules already initialized, skipping
Shader 'Universal Render Pipeline/Particles/Lit': fallback shader 'Universal Render Pipeline/Particles/SimpleLit' not found
Refreshing native plugins compatible for Editor in 0.56 ms, found 1 plugins.
Preloading 0 native plugins for Editor in 0.00 ms.
Unloading 3002 Unused Serialized files (Serialized files now loaded: 0)
System memory in use before: 130.1 MB.
System memory in use after: 130.2 MB.

Unloading 14 unused Assets to reduce memory usage. Loaded Objects now: 3627.
Total: 3.202500 ms (FindLiveObjects: 0.361900 ms CreateObjectMapping: 0.081200 ms MarkObjects: 2.612400 ms  DeleteObjects: 0.145000 ms)

========================================================================
Received Prepare
Registering precompiled user dll's ...
Registered in 0.001232 seconds.
Begin MonoManager ReloadAssembly
Native extension for WindowsStandalone target not found
Refreshing native plugins compatible for Editor in 0.57 ms, found 1 plugins.
Preloading 0 native plugins for Editor in 0.00 ms.
Mono: successfully reloaded assembly
- Completed reload, in  1.045 seconds
Platform modules already initialized, skipping
Shader 'Universal Render Pipeline/Particles/Lit': fallback shader 'Universal Render Pipeline/Particles/SimpleLit' not found
Refreshing native plugins compatible for Editor in 0.54 ms, found 1 plugins.
Preloading 0 native plugins for Editor in 0.00 ms.
Unloading 3002 Unused Serialized files (Serialized files now loaded: 0)
System memory in use before: 130.1 MB.
System memory in use after: 130.2 MB.

Unloading 14 unused Assets to reduce memory usage. Loaded Objects now: 3631.
Total: 2.651800 ms (FindLiveObjects: 0.330200 ms CreateObjectMapping: 0.083100 ms MarkObjects: 2.102200 ms  DeleteObjects: 0.135200 ms)

========================================================================
Received Prepare
Registering precompiled user dll's ...
Registered in 0.001312 seconds.
Begin MonoManager ReloadAssembly
Native extension for WindowsStandalone target not found
Refreshing native plugins compatible for Editor in 0.64 ms, found 1 plugins.
Preloading 0 native plugins for Editor in 0.00 ms.
Mono: successfully reloaded assembly
- Completed reload, in  1.087 seconds
Platform modules already initialized, skipping
Shader 'Universal Render Pipeline/Particles/Lit': fallback shader 'Universal Render Pipeline/Particles/SimpleLit' not found
Refreshing native plugins compatible for Editor in 0.55 ms, found 1 plugins.
Preloading 0 native plugins for Editor in 0.00 ms.
Unloading 3002 Unused Serialized files (Serialized files now loaded: 0)
System memory in use before: 130.1 MB.
System memory in use after: 130.2 MB.

Unloading 14 unused Assets to reduce memory usage. Loaded Objects now: 3635.
Total: 2.799900 ms (FindLiveObjects: 0.308000 ms CreateObjectMapping: 0.088200 ms MarkObjects: 2.263300 ms  DeleteObjects: 0.138900 ms)

========================================================================
Received Prepare
Registering precompiled user dll's ...
Registered in 0.001735 seconds.
Begin MonoManager ReloadAssembly
Native extension for WindowsStandalone target not found
Refreshing native plugins compatible for Editor in 0.54 ms, found 1 plugins.
Preloading 0 native plugins for Editor in 0.00 ms.
Mono: successfully reloaded assembly
- Completed reload, in  1.154 seconds
Platform modules already initialized, skipping
Shader 'Universal Render Pipeline/Particles/Lit': fallback shader 'Universal Render Pipeline/Particles/SimpleLit' not found
Refreshing native plugins compatible for Editor in 0.52 ms, found 1 plugins.
Preloading 0 native plugins for Editor in 0.00 ms.
Unloading 3002 Unused Serialized files (Serialized files now loaded: 0)
System memory in use before: 130.1 MB.
System memory in use after: 130.2 MB.

Unloading 14 unused Assets to reduce memory usage. Loaded Objects now: 3639.
Total: 2.640700 ms (FindLiveObjects: 0.292800 ms CreateObjectMapping: 0.081500 ms MarkObjects: 2.097000 ms  DeleteObjects: 0.168200 ms)

========================================================================
Received Import Request.
  Time since last request: 1603.987088 seconds.
  path: Assets/Prefabs/Birds.prefab
  artifactKey: Guid(29fc053dd9c6eed41b63f4f3302fb304) Importer(815301076,1909f56bfc062723c751e8b465ee728b)
Start importing Assets/Prefabs/Birds.prefab using Guid(29fc053dd9c6eed41b63f4f3302fb304) Importer(815301076,1909f56bfc062723c751e8b465ee728b)  -> (artifact id: '19ab258ee8bc189eff6fdd9bb8f7164f') in 0.197935 seconds
  Import took 0.203120 seconds .

========================================================================
Received Import Request.
  Time since last request: 3.181374 seconds.
  path: Assets/Prefabs/Electro.prefab
  artifactKey: Guid(5925cea3e5c5ff147ac2e445817df39e) Importer(815301076,1909f56bfc062723c751e8b465ee728b)
Start importing Assets/Prefabs/Electro.prefab using Guid(5925cea3e5c5ff147ac2e445817df39e) Importer(815301076,1909f56bfc062723c751e8b465ee728b)  -> (artifact id: '6794e0fb02c9690c4628af1fe08cea33') in 0.022106 seconds
  Import took 0.054298 seconds .

========================================================================
Received Import Request.
  Time since last request: 1.473121 seconds.
  path: Assets/Prefabs/Pipe.prefab
  artifactKey: Guid(2014b686850500b48b2dfc9a9c76ccd8) Importer(815301076,1909f56bfc062723c751e8b465ee728b)
Start importing Assets/Prefabs/Pipe.prefab using Guid(2014b686850500b48b2dfc9a9c76ccd8) Importer(815301076,1909f56bfc062723c751e8b465ee728b)  -> (artifact id: '4eed9d1aba0126f216b114b46beb5826') in 0.017448 seconds
  Import took 0.042432 seconds .

========================================================================
Received Import Request.
  Time since last request: 2.005060 seconds.
  path: Assets/Prefabs/Pipe.prefab
  artifactKey: Guid(2014b686850500b48b2dfc9a9c76ccd8) Importer(815301076,1909f56bfc062723c751e8b465ee728b)
Start importing Assets/Prefabs/Pipe.prefab using Guid(2014b686850500b48b2dfc9a9c76ccd8) Importer(815301076,1909f56bfc062723c751e8b465ee728b)  -> (artifact id: '0c4c8d246009bc89c7ab94c792214ab6') in 0.013779 seconds
  Import took 0.047229 seconds .

========================================================================
Received Import Request.
  Time since last request: 0.000531 seconds.
  path: Assets/Prefabs/Pipe.prefab
  artifactKey: Guid(2014b686850500b48b2dfc9a9c76ccd8) Importer(815301076,1909f56bfc062723c751e8b465ee728b)
Start importing Assets/Prefabs/Pipe.prefab using Guid(2014b686850500b48b2dfc9a9c76ccd8) Importer(815301076,1909f56bfc062723c751e8b465ee728b)  -> (artifact id: '0c4c8d246009bc89c7ab94c792214ab6') in 0.010518 seconds
  Import took 0.015338 seconds .

========================================================================
Received Prepare
Registering precompiled user dll's ...
Registered in 0.001403 seconds.
Begin MonoManager ReloadAssembly
Native extension for WindowsStandalone target not found
Refreshing native plugins compatible for Editor in 0.53 ms, found 1 plugins.
Preloading 0 native plugins for Editor in 0.00 ms.
Mono: successfully reloaded assembly
- Completed reload, in  1.128 seconds
Platform modules already initialized, skipping
Shader 'Universal Render Pipeline/Particles/Lit': fallback shader 'Universal Render Pipeline/Particles/SimpleLit' not found
Refreshing native plugins compatible for Editor in 0.54 ms, found 1 plugins.
Preloading 0 native plugins for Editor in 0.00 ms.
Unloading 3002 Unused Serialized files (Serialized files now loaded: 0)
System memory in use before: 130.2 MB.
System memory in use after: 130.3 MB.

Unloading 14 unused Assets to reduce memory usage. Loaded Objects now: 3648.
Total: 2.805400 ms (FindLiveObjects: 0.378600 ms CreateObjectMapping: 0.087400 ms MarkObjects: 2.202000 ms  DeleteObjects: 0.135800 ms)

========================================================================
Received Prepare
Registering precompiled user dll's ...
Registered in 0.001234 seconds.
Begin MonoManager ReloadAssembly
Native extension for WindowsStandalone target not found
Refreshing native plugins compatible for Editor in 0.53 ms, found 1 plugins.
Preloading 0 native plugins for Editor in 0.00 ms.
Mono: successfully reloaded assembly
- Completed reload, in  1.112 seconds
Platform modules already initialized, skipping
Shader 'Universal Render Pipeline/Particles/Lit': fallback shader 'Universal Render Pipeline/Particles/SimpleLit' not found
Refreshing native plugins compatible for Editor in 0.61 ms, found 1 plugins.
Preloading 0 native plugins for Editor in 0.00 ms.
Unloading 3002 Unused Serialized files (Serialized files now loaded: 0)
System memory in use before: 130.2 MB.
System memory in use after: 130.3 MB.

Unloading 14 unused Assets to reduce memory usage. Loaded Objects now: 3652.
Total: 2.901200 ms (FindLiveObjects: 0.306100 ms CreateObjectMapping: 0.084600 ms MarkObjects: 2.362000 ms  DeleteObjects: 0.147300 ms)

========================================================================
Received Prepare
Registering precompiled user dll's ...
Registered in 0.001270 seconds.
Begin MonoManager ReloadAssembly
Native extension for WindowsStandalone target not found
Refreshing native plugins compatible for Editor in 0.53 ms, found 1 plugins.
Preloading 0 native plugins for Editor in 0.00 ms.
Mono: successfully reloaded assembly
- Completed reload, in  1.078 seconds
Platform modules already initialized, skipping
Shader 'Universal Render Pipeline/Particles/Lit': fallback shader 'Universal Render Pipeline/Particles/SimpleLit' not found
Refreshing native plugins compatible for Editor in 0.53 ms, found 1 plugins.
Preloading 0 native plugins for Editor in 0.00 ms.
Unloading 3002 Unused Serialized files (Serialized files now loaded: 0)
System memory in use before: 130.2 MB.
System memory in use after: 130.3 MB.

Unloading 14 unused Assets to reduce memory usage. Loaded Objects now: 3656.
Total: 2.692200 ms (FindLiveObjects: 0.289100 ms CreateObjectMapping: 0.081500 ms MarkObjects: 2.179600 ms  DeleteObjects: 0.140600 ms)

========================================================================
Received Prepare
Registering precompiled user dll's ...
Registered in 0.001523 seconds.
Begin MonoManager ReloadAssembly
Native extension for WindowsStandalone target not found
Refreshing native plugins compatible for Editor in 0.70 ms, found 1 plugins.
Preloading 0 native plugins for Editor in 0.00 ms.
Mono: successfully reloaded assembly
- Completed reload, in  1.100 seconds
Platform modules already initialized, skipping
Shader 'Universal Render Pipeline/Particles/Lit': fallback shader 'Universal Render Pipeline/Particles/SimpleLit' not found
Refreshing native plugins compatible for Editor in 0.53 ms, found 1 plugins.
Preloading 0 native plugins for Editor in 0.00 ms.
Unloading 3002 Unused Serialized files (Serialized files now loaded: 0)
System memory in use before: 130.2 MB.
System memory in use after: 130.3 MB.

Unloading 14 unused Assets to reduce memory usage. Loaded Objects now: 3660.
Total: 2.974500 ms (FindLiveObjects: 0.301100 ms CreateObjectMapping: 0.082800 ms MarkObjects: 2.448200 ms  DeleteObjects: 0.141200 ms)

========================================================================
Received Import Request.
  Time since last request: 135.403348 seconds.
  path: Assets/Sprites/BirdsAnimations.png
  artifactKey: Guid(cd207fe308f2186499211040e0b0328a) Importer(815301076,1909f56bfc062723c751e8b465ee728b)
Start importing Assets/Sprites/BirdsAnimations.png using Guid(cd207fe308f2186499211040e0b0328a) Importer(815301076,1909f56bfc062723c751e8b465ee728b)  -> (artifact id: 'afc29a93ab8b8729ea34449950144b00') in 0.094266 seconds
  Import took 0.099311 seconds .

========================================================================
Received Prepare
Registering precompiled user dll's ...
Registered in 0.001249 seconds.
Begin MonoManager ReloadAssembly
Native extension for WindowsStandalone target not found
Refreshing native plugins compatible for Editor in 0.52 ms, found 1 plugins.
Preloading 0 native plugins for Editor in 0.00 ms.
Mono: successfully reloaded assembly
- Completed reload, in  1.123 seconds
Platform modules already initialized, skipping
Shader 'Universal Render Pipeline/Particles/Lit': fallback shader 'Universal Render Pipeline/Particles/SimpleLit' not found
Refreshing native plugins compatible for Editor in 0.60 ms, found 1 plugins.
Preloading 0 native plugins for Editor in 0.00 ms.
Unloading 3002 Unused Serialized files (Serialized files now loaded: 0)
System memory in use before: 130.3 MB.
System memory in use after: 130.3 MB.

Unloading 14 unused Assets to reduce memory usage. Loaded Objects now: 3670.
Total: 3.815500 ms (FindLiveObjects: 0.303900 ms CreateObjectMapping: 0.081000 ms MarkObjects: 3.252900 ms  DeleteObjects: 0.175900 ms)

========================================================================
Received Import Request.
  Time since last request: 44.640756 seconds.
  path: Assets/Sprites/BirdsAnimations.png
  artifactKey: Guid(cd207fe308f2186499211040e0b0328a) Importer(815301076,1909f56bfc062723c751e8b465ee728b)
Start importing Assets/Sprites/BirdsAnimations.png using Guid(cd207fe308f2186499211040e0b0328a) Importer(815301076,1909f56bfc062723c751e8b465ee728b)  -> (artifact id: '481ef1183224ad52db4c0d4e7d6cdb9d') in 0.072969 seconds
  Import took 0.078165 seconds .

========================================================================
Received Import Request.
  Time since last request: 0.021315 seconds.
  path: Assets/Sprites/BirdsAnimations.png
  artifactKey: Guid(cd207fe308f2186499211040e0b0328a) Importer(815301076,1909f56bfc062723c751e8b465ee728b)
Start importing Assets/Sprites/BirdsAnimations.png using Guid(cd207fe308f2186499211040e0b0328a) Importer(815301076,1909f56bfc062723c751e8b465ee728b)  -> (artifact id: '481ef1183224ad52db4c0d4e7d6cdb9d') in 0.019735 seconds
  Import took 0.024682 seconds .

========================================================================
Received Prepare
Registering precompiled user dll's ...
Registered in 0.001220 seconds.
Begin MonoManager ReloadAssembly
Native extension for WindowsStandalone target not found
Refreshing native plugins compatible for Editor in 0.56 ms, found 1 plugins.
Preloading 0 native plugins for Editor in 0.00 ms.
Mono: successfully reloaded assembly
- Completed reload, in  1.143 seconds
Platform modules already initialized, skipping
Shader 'Universal Render Pipeline/Particles/Lit': fallback shader 'Universal Render Pipeline/Particles/SimpleLit' not found
Refreshing native plugins compatible for Editor in 0.58 ms, found 1 plugins.
Preloading 0 native plugins for Editor in 0.00 ms.
Unloading 3002 Unused Serialized files (Serialized files now loaded: 0)
System memory in use before: 130.3 MB.
System memory in use after: 130.4 MB.

Unloading 14 unused Assets to reduce memory usage. Loaded Objects now: 3675.
Total: 2.755300 ms (FindLiveObjects: 0.291300 ms CreateObjectMapping: 0.082500 ms MarkObjects: 2.244100 ms  DeleteObjects: 0.136200 ms)

========================================================================
Received Import Request.
  Time since last request: 23.329494 seconds.
  path: Assets/Sprites/BirdsAnimations.png
  artifactKey: Guid(cd207fe308f2186499211040e0b0328a) Importer(815301076,1909f56bfc062723c751e8b465ee728b)
Start importing Assets/Sprites/BirdsAnimations.png using Guid(cd207fe308f2186499211040e0b0328a) Importer(815301076,1909f56bfc062723c751e8b465ee728b)  -> (artifact id: 'bf02b3bd50a2b21c9b2b71794cdb07e7') in 0.097953 seconds
  Import took 0.114714 seconds .

========================================================================
Received Prepare
Registering precompiled user dll's ...
Registered in 0.001261 seconds.
Begin MonoManager ReloadAssembly
Native extension for WindowsStandalone target not found
Refreshing native plugins compatible for Editor in 0.57 ms, found 1 plugins.
Preloading 0 native plugins for Editor in 0.00 ms.
Mono: successfully reloaded assembly
- Completed reload, in  1.127 seconds
Platform modules already initialized, skipping
Shader 'Universal Render Pipeline/Particles/Lit': fallback shader 'Universal Render Pipeline/Particles/SimpleLit' not found
Refreshing native plugins compatible for Editor in 0.54 ms, found 1 plugins.
Preloading 0 native plugins for Editor in 0.00 ms.
Unloading 3002 Unused Serialized files (Serialized files now loaded: 0)
System memory in use before: 130.3 MB.
System memory in use after: 130.4 MB.

Unloading 14 unused Assets to reduce memory usage. Loaded Objects now: 3680.
Total: 2.928700 ms (FindLiveObjects: 0.292100 ms CreateObjectMapping: 0.082500 ms MarkObjects: 2.409600 ms  DeleteObjects: 0.143200 ms)

AssetImportWorkerClient::OnTransportError - code=2 error=End of file
