Using pre-set license
Built from '2020.3/staging' branch; Version is '2020.3.8f1 (507919d4fff5) revision 5273881'; Using compiler version '192528614'; Build Type 'Release'
OS: 'Windows 10 Pro; OS build 22000.282; Version 2009; 64bit' Language: 'ru' Physical Memory: 16334 MB
BatchMode: 1, IsHumanControllingUs: 0, StartBugReporterOnCrash: 0, Is64bit: 1, IsPro: 0

 COMMAND LINE ARGUMENTS:
C:\Program Files\Unity\Hub\Editor\2020.3.8f1\Editor\Unity.exe
-adb2
-batchMode
-noUpm
-name
AssetImportWorker0
-projectPath
E:/GitHub/Murphys-law/MurphysLaw
-logFile
Logs/AssetImportWorker0.log
-srvPort
10593
Successfully changed project path to: E:/GitHub/Murphys-law/MurphysLaw
E:/GitHub/Murphys-law/MurphysLaw
Using Asset Import Pipeline V2.
Refreshing native plugins compatible for Editor in 65.08 ms, found 1 plugins.
Preloading 0 native plugins for Editor in 0.00 ms.
Initialize engine version: 2020.3.8f1 (507919d4fff5)
[Subsystems] Discovering subsystems at path C:/Program Files/Unity/Hub/Editor/2020.3.8f1/Editor/Data/Resources/UnitySubsystems
[Subsystems] Discovering subsystems at path E:/GitHub/Murphys-law/MurphysLaw/Assets
GfxDevice: creating device client; threaded=0
Direct3D:
    Version:  Direct3D 11.0 [level 11.1]
    Renderer: NVIDIA GeForce GTX 1070 (ID=0x1b81)
    Vendor:   
    VRAM:     8088 MB
    Driver:   30.0.14.7212
Shader 'Universal Render Pipeline/Particles/Lit': fallback shader 'Universal Render Pipeline/Particles/SimpleLit' not found
Initialize mono
Mono path[0] = 'C:/Program Files/Unity/Hub/Editor/2020.3.8f1/Editor/Data/Managed'
Mono path[1] = 'C:/Program Files/Unity/Hub/Editor/2020.3.8f1/Editor/Data/MonoBleedingEdge/lib/mono/unityjit'
Mono config path = 'C:/Program Files/Unity/Hub/Editor/2020.3.8f1/Editor/Data/MonoBleedingEdge/etc'
Using monoOptions --debugger-agent=transport=dt_socket,embedding=1,server=y,suspend=n,address=127.0.0.1:56580
Begin MonoManager ReloadAssembly
Registering precompiled unity dll's ...
Register platform support module: C:/Program Files/Unity/Hub/Editor/2020.3.8f1/Editor/Data/PlaybackEngines/WindowsStandaloneSupport/UnityEditor.WindowsStandalone.Extensions.dll
Registered in 0.001569 seconds.
Native extension for WindowsStandalone target not found
Refreshing native plugins compatible for Editor in 67.90 ms, found 1 plugins.
Preloading 0 native plugins for Editor in 0.00 ms.
Mono: successfully reloaded assembly
- Completed reload, in  1.445 seconds
Platform modules already initialized, skipping
Registering precompiled user dll's ...
Registered in 0.001090 seconds.
Begin MonoManager ReloadAssembly
Native extension for WindowsStandalone target not found
Refreshing native plugins compatible for Editor in 69.10 ms, found 1 plugins.
Preloading 0 native plugins for Editor in 0.00 ms.
Mono: successfully reloaded assembly
- Completed reload, in  1.281 seconds
Platform modules already initialized, skipping
========================================================================
Worker process is ready to serve import requests
Shader 'Universal Render Pipeline/Particles/Lit': fallback shader 'Universal Render Pipeline/Particles/SimpleLit' not found
Launched and connected shader compiler UnityShaderCompiler.exe after 0.09 seconds
Refreshing native plugins compatible for Editor in 0.55 ms, found 1 plugins.
Preloading 0 native plugins for Editor in 0.00 ms.
Unloading 3076 Unused Serialized files (Serialized files now loaded: 0)
System memory in use before: 133.6 MB.
System memory in use after: 133.7 MB.

Unloading 26 unused Assets to reduce memory usage. Loaded Objects now: 3520.
Total: 2.773400 ms (FindLiveObjects: 0.281800 ms CreateObjectMapping: 0.090400 ms MarkObjects: 2.227900 ms  DeleteObjects: 0.171600 ms)

========================================================================
Received Import Request.
  path: Assets/Sprites/BackgroundFirst.png
  artifactKey: Guid(e5d1479c19a7d9a438ff0bc40f0fa7e1) Importer(815301076,1909f56bfc062723c751e8b465ee728b)
Start importing Assets/Sprites/BackgroundFirst.png using Guid(e5d1479c19a7d9a438ff0bc40f0fa7e1) Importer(815301076,1909f56bfc062723c751e8b465ee728b)  -> (artifact id: 'd0313cad1492107b9732299e76d72f82') in 0.183274 seconds
  Import took 0.221428 seconds .

========================================================================
Received Import Request.
  Time since last request: 0.438152 seconds.
  path: Assets/Sprites/BackgroundFirst.png
  artifactKey: Guid(e5d1479c19a7d9a438ff0bc40f0fa7e1) Importer(815301076,1909f56bfc062723c751e8b465ee728b)
Start importing Assets/Sprites/BackgroundFirst.png using Guid(e5d1479c19a7d9a438ff0bc40f0fa7e1) Importer(815301076,1909f56bfc062723c751e8b465ee728b)  -> (artifact id: 'b3c976e4081e8ce468e090be9653fecb') in 0.018018 seconds
  Import took 0.039287 seconds .

========================================================================
Received Import Request.
  Time since last request: 0.000857 seconds.
  path: Assets/Sprites/BackgroundFirst.png
  artifactKey: Guid(e5d1479c19a7d9a438ff0bc40f0fa7e1) Importer(815301076,1909f56bfc062723c751e8b465ee728b)
Start importing Assets/Sprites/BackgroundFirst.png using Guid(e5d1479c19a7d9a438ff0bc40f0fa7e1) Importer(815301076,1909f56bfc062723c751e8b465ee728b)  -> (artifact id: 'b3c976e4081e8ce468e090be9653fecb') in 0.015813 seconds
  Import took 0.020737 seconds .

========================================================================
Received Prepare
Registering precompiled user dll's ...
Registered in 0.001651 seconds.
Begin MonoManager ReloadAssembly
Native extension for WindowsStandalone target not found
Refreshing native plugins compatible for Editor in 0.56 ms, found 1 plugins.
Preloading 0 native plugins for Editor in 0.00 ms.
Mono: successfully reloaded assembly
- Completed reload, in  1.167 seconds
Platform modules already initialized, skipping
Shader 'Universal Render Pipeline/Particles/Lit': fallback shader 'Universal Render Pipeline/Particles/SimpleLit' not found
Refreshing native plugins compatible for Editor in 0.77 ms, found 1 plugins.
Preloading 0 native plugins for Editor in 0.00 ms.
Unloading 3001 Unused Serialized files (Serialized files now loaded: 0)
System memory in use before: 129.8 MB.
System memory in use after: 129.8 MB.

Unloading 14 unused Assets to reduce memory usage. Loaded Objects now: 3530.
Total: 2.694800 ms (FindLiveObjects: 0.298500 ms CreateObjectMapping: 0.083800 ms MarkObjects: 2.187600 ms  DeleteObjects: 0.123800 ms)

========================================================================
Received Import Request.
  Time since last request: 100.502964 seconds.
  path: ProjectSettings/TagManager.asset
  artifactKey: Guid(00000000000000003000000000000000) Importer(815301076,1909f56bfc062723c751e8b465ee728b)
Start importing ProjectSettings/TagManager.asset using Guid(00000000000000003000000000000000) Importer(815301076,1909f56bfc062723c751e8b465ee728b)  -> (artifact id: 'd8a1bc0373b55bdbeae4f29b6352c4ac') in 0.035921 seconds
  Import took 0.062341 seconds .

========================================================================
Received Prepare
Registering precompiled user dll's ...
Registered in 0.001243 seconds.
Begin MonoManager ReloadAssembly
Native extension for WindowsStandalone target not found
Refreshing native plugins compatible for Editor in 0.56 ms, found 1 plugins.
Preloading 0 native plugins for Editor in 0.00 ms.
Mono: successfully reloaded assembly
- Completed reload, in  1.116 seconds
Platform modules already initialized, skipping
Shader 'Universal Render Pipeline/Particles/Lit': fallback shader 'Universal Render Pipeline/Particles/SimpleLit' not found
Refreshing native plugins compatible for Editor in 0.57 ms, found 1 plugins.
Preloading 0 native plugins for Editor in 0.00 ms.
Unloading 3001 Unused Serialized files (Serialized files now loaded: 0)
System memory in use before: 129.8 MB.
System memory in use after: 129.9 MB.

Unloading 15 unused Assets to reduce memory usage. Loaded Objects now: 3534.
Total: 2.764300 ms (FindLiveObjects: 0.309700 ms CreateObjectMapping: 0.090000 ms MarkObjects: 2.231000 ms  DeleteObjects: 0.132300 ms)

========================================================================
Received Prepare
Registering precompiled user dll's ...
Registered in 0.001302 seconds.
Begin MonoManager ReloadAssembly
Native extension for WindowsStandalone target not found
Refreshing native plugins compatible for Editor in 0.52 ms, found 1 plugins.
Preloading 0 native plugins for Editor in 0.00 ms.
Mono: successfully reloaded assembly
- Completed reload, in  1.123 seconds
Platform modules already initialized, skipping
Shader 'Universal Render Pipeline/Particles/Lit': fallback shader 'Universal Render Pipeline/Particles/SimpleLit' not found
Refreshing native plugins compatible for Editor in 0.57 ms, found 1 plugins.
Preloading 0 native plugins for Editor in 0.00 ms.
Unloading 3001 Unused Serialized files (Serialized files now loaded: 0)
System memory in use before: 129.9 MB.
System memory in use after: 129.9 MB.

Unloading 14 unused Assets to reduce memory usage. Loaded Objects now: 3538.
Total: 3.310400 ms (FindLiveObjects: 0.282200 ms CreateObjectMapping: 0.080900 ms MarkObjects: 2.791100 ms  DeleteObjects: 0.154800 ms)

========================================================================
Received Prepare
Registering precompiled user dll's ...
Registered in 0.001296 seconds.
Begin MonoManager ReloadAssembly
Native extension for WindowsStandalone target not found
Refreshing native plugins compatible for Editor in 0.57 ms, found 1 plugins.
Preloading 0 native plugins for Editor in 0.00 ms.
Mono: successfully reloaded assembly
- Completed reload, in  1.150 seconds
Platform modules already initialized, skipping
Shader 'Universal Render Pipeline/Particles/Lit': fallback shader 'Universal Render Pipeline/Particles/SimpleLit' not found
Refreshing native plugins compatible for Editor in 0.58 ms, found 1 plugins.
Preloading 0 native plugins for Editor in 0.00 ms.
Unloading 3001 Unused Serialized files (Serialized files now loaded: 0)
System memory in use before: 129.9 MB.
System memory in use after: 130.0 MB.

Unloading 14 unused Assets to reduce memory usage. Loaded Objects now: 3542.
Total: 2.677400 ms (FindLiveObjects: 0.278500 ms CreateObjectMapping: 0.082400 ms MarkObjects: 2.188400 ms  DeleteObjects: 0.126700 ms)

========================================================================
Received Prepare
Registering precompiled user dll's ...
Registered in 0.001220 seconds.
Begin MonoManager ReloadAssembly
Native extension for WindowsStandalone target not found
Refreshing native plugins compatible for Editor in 0.59 ms, found 1 plugins.
Preloading 0 native plugins for Editor in 0.00 ms.
Mono: successfully reloaded assembly
- Completed reload, in  1.116 seconds
Platform modules already initialized, skipping
Shader 'Universal Render Pipeline/Particles/Lit': fallback shader 'Universal Render Pipeline/Particles/SimpleLit' not found
Refreshing native plugins compatible for Editor in 0.63 ms, found 1 plugins.
Preloading 0 native plugins for Editor in 0.00 ms.
Unloading 3001 Unused Serialized files (Serialized files now loaded: 0)
System memory in use before: 129.9 MB.
System memory in use after: 130.0 MB.

Unloading 14 unused Assets to reduce memory usage. Loaded Objects now: 3546.
Total: 2.937700 ms (FindLiveObjects: 0.323400 ms CreateObjectMapping: 0.086000 ms MarkObjects: 2.390200 ms  DeleteObjects: 0.136700 ms)

========================================================================
Received Prepare
Registering precompiled user dll's ...
Registered in 0.001278 seconds.
Begin MonoManager ReloadAssembly
Native extension for WindowsStandalone target not found
Refreshing native plugins compatible for Editor in 0.57 ms, found 1 plugins.
Preloading 0 native plugins for Editor in 0.00 ms.
Mono: successfully reloaded assembly
- Completed reload, in  1.112 seconds
Platform modules already initialized, skipping
Shader 'Universal Render Pipeline/Particles/Lit': fallback shader 'Universal Render Pipeline/Particles/SimpleLit' not found
Refreshing native plugins compatible for Editor in 0.62 ms, found 1 plugins.
Preloading 0 native plugins for Editor in 0.00 ms.
Unloading 3001 Unused Serialized files (Serialized files now loaded: 0)
System memory in use before: 129.9 MB.
System memory in use after: 130.0 MB.

Unloading 14 unused Assets to reduce memory usage. Loaded Objects now: 3550.
Total: 3.182800 ms (FindLiveObjects: 0.426600 ms CreateObjectMapping: 0.090600 ms MarkObjects: 2.464800 ms  DeleteObjects: 0.199200 ms)

========================================================================
Received Prepare
Registering precompiled user dll's ...
Registered in 0.001282 seconds.
Begin MonoManager ReloadAssembly
Native extension for WindowsStandalone target not found
Refreshing native plugins compatible for Editor in 0.79 ms, found 1 plugins.
Preloading 0 native plugins for Editor in 0.00 ms.
Mono: successfully reloaded assembly
- Completed reload, in  1.075 seconds
Platform modules already initialized, skipping
Shader 'Universal Render Pipeline/Particles/Lit': fallback shader 'Universal Render Pipeline/Particles/SimpleLit' not found
Refreshing native plugins compatible for Editor in 0.55 ms, found 1 plugins.
Preloading 0 native plugins for Editor in 0.00 ms.
Unloading 3001 Unused Serialized files (Serialized files now loaded: 0)
System memory in use before: 129.9 MB.
System memory in use after: 130.0 MB.

Unloading 14 unused Assets to reduce memory usage. Loaded Objects now: 3554.
Total: 2.525700 ms (FindLiveObjects: 0.284100 ms CreateObjectMapping: 0.081900 ms MarkObjects: 2.029400 ms  DeleteObjects: 0.129100 ms)

========================================================================
Received Prepare
Registering precompiled user dll's ...
Registered in 0.001440 seconds.
Begin MonoManager ReloadAssembly
Native extension for WindowsStandalone target not found
Refreshing native plugins compatible for Editor in 0.56 ms, found 1 plugins.
Preloading 0 native plugins for Editor in 0.00 ms.
Mono: successfully reloaded assembly
- Completed reload, in  1.141 seconds
Platform modules already initialized, skipping
Shader 'Universal Render Pipeline/Particles/Lit': fallback shader 'Universal Render Pipeline/Particles/SimpleLit' not found
Refreshing native plugins compatible for Editor in 0.81 ms, found 1 plugins.
Preloading 0 native plugins for Editor in 0.00 ms.
Unloading 3001 Unused Serialized files (Serialized files now loaded: 0)
System memory in use before: 129.9 MB.
System memory in use after: 130.0 MB.

Unloading 14 unused Assets to reduce memory usage. Loaded Objects now: 3558.
Total: 2.639200 ms (FindLiveObjects: 0.289700 ms CreateObjectMapping: 0.079900 ms MarkObjects: 2.131300 ms  DeleteObjects: 0.136800 ms)

========================================================================
Received Prepare
Registering precompiled user dll's ...
Registered in 0.001250 seconds.
Begin MonoManager ReloadAssembly
Native extension for WindowsStandalone target not found
Refreshing native plugins compatible for Editor in 0.55 ms, found 1 plugins.
Preloading 0 native plugins for Editor in 0.00 ms.
Mono: successfully reloaded assembly
- Completed reload, in  1.124 seconds
Platform modules already initialized, skipping
Shader 'Universal Render Pipeline/Particles/Lit': fallback shader 'Universal Render Pipeline/Particles/SimpleLit' not found
Refreshing native plugins compatible for Editor in 0.60 ms, found 1 plugins.
Preloading 0 native plugins for Editor in 0.00 ms.
Unloading 3001 Unused Serialized files (Serialized files now loaded: 0)
System memory in use before: 129.9 MB.
System memory in use after: 130.0 MB.

Unloading 14 unused Assets to reduce memory usage. Loaded Objects now: 3562.
Total: 4.032300 ms (FindLiveObjects: 0.462200 ms CreateObjectMapping: 0.167400 ms MarkObjects: 3.211300 ms  DeleteObjects: 0.189200 ms)

========================================================================
Received Prepare
Registering precompiled user dll's ...
Registered in 0.001232 seconds.
Begin MonoManager ReloadAssembly
Native extension for WindowsStandalone target not found
Refreshing native plugins compatible for Editor in 0.53 ms, found 1 plugins.
Preloading 0 native plugins for Editor in 0.00 ms.
Mono: successfully reloaded assembly
- Completed reload, in  1.056 seconds
Platform modules already initialized, skipping
Shader 'Universal Render Pipeline/Particles/Lit': fallback shader 'Universal Render Pipeline/Particles/SimpleLit' not found
Refreshing native plugins compatible for Editor in 0.55 ms, found 1 plugins.
Preloading 0 native plugins for Editor in 0.00 ms.
Unloading 3001 Unused Serialized files (Serialized files now loaded: 0)
System memory in use before: 129.9 MB.
System memory in use after: 130.0 MB.

Unloading 14 unused Assets to reduce memory usage. Loaded Objects now: 3566.
Total: 3.069400 ms (FindLiveObjects: 0.387800 ms CreateObjectMapping: 0.105100 ms MarkObjects: 2.437500 ms  DeleteObjects: 0.137400 ms)

========================================================================
Received Import Request.
  Time since last request: 607.857795 seconds.
  path: Assets/Sprites/TilesFirstNotFull1.png
  artifactKey: Guid(ded067078a91bcb46b7634845346c80c) Importer(815301076,1909f56bfc062723c751e8b465ee728b)
Start importing Assets/Sprites/TilesFirstNotFull1.png using Guid(ded067078a91bcb46b7634845346c80c) Importer(815301076,1909f56bfc062723c751e8b465ee728b)  -> (artifact id: '370c14c6b425e67dfdd83a524e54a108') in 0.151070 seconds
  Import took 0.174972 seconds .

========================================================================
Received Prepare
Registering precompiled user dll's ...
Registered in 0.001455 seconds.
Begin MonoManager ReloadAssembly
Native extension for WindowsStandalone target not found
Refreshing native plugins compatible for Editor in 0.56 ms, found 1 plugins.
Preloading 0 native plugins for Editor in 0.00 ms.
Mono: successfully reloaded assembly
- Completed reload, in  1.101 seconds
Platform modules already initialized, skipping
Shader 'Universal Render Pipeline/Particles/Lit': fallback shader 'Universal Render Pipeline/Particles/SimpleLit' not found
Refreshing native plugins compatible for Editor in 0.57 ms, found 1 plugins.
Preloading 0 native plugins for Editor in 0.00 ms.
Unloading 3001 Unused Serialized files (Serialized files now loaded: 0)
System memory in use before: 130.0 MB.
System memory in use after: 130.1 MB.

Unloading 15 unused Assets to reduce memory usage. Loaded Objects now: 3574.
Total: 2.809400 ms (FindLiveObjects: 0.299800 ms CreateObjectMapping: 0.083600 ms MarkObjects: 2.291300 ms  DeleteObjects: 0.132900 ms)

========================================================================
Received Prepare
Registering precompiled user dll's ...
Registered in 0.001220 seconds.
Begin MonoManager ReloadAssembly
Native extension for WindowsStandalone target not found
Refreshing native plugins compatible for Editor in 0.56 ms, found 1 plugins.
Preloading 0 native plugins for Editor in 0.00 ms.
Mono: successfully reloaded assembly
- Completed reload, in  1.132 seconds
Platform modules already initialized, skipping
Shader 'Universal Render Pipeline/Particles/Lit': fallback shader 'Universal Render Pipeline/Particles/SimpleLit' not found
Refreshing native plugins compatible for Editor in 0.56 ms, found 1 plugins.
Preloading 0 native plugins for Editor in 0.00 ms.
Unloading 3001 Unused Serialized files (Serialized files now loaded: 0)
System memory in use before: 130.0 MB.
System memory in use after: 130.1 MB.

Unloading 14 unused Assets to reduce memory usage. Loaded Objects now: 3578.
Total: 2.678700 ms (FindLiveObjects: 0.291300 ms CreateObjectMapping: 0.082500 ms MarkObjects: 2.178400 ms  DeleteObjects: 0.125200 ms)

========================================================================
Received Import Request.
  Time since last request: 65.166896 seconds.
  path: Assets/Sprites/TilesFirstNotFull1.png
  artifactKey: Guid(ded067078a91bcb46b7634845346c80c) Importer(815301076,1909f56bfc062723c751e8b465ee728b)
Start importing Assets/Sprites/TilesFirstNotFull1.png using Guid(ded067078a91bcb46b7634845346c80c) Importer(815301076,1909f56bfc062723c751e8b465ee728b)  -> (artifact id: 'ccfdd3fc023a3b656d3098b375066626') in 0.118822 seconds
  Import took 0.189448 seconds .

========================================================================
Received Import Request.
  Time since last request: 173.813088 seconds.
  path: Assets/Sprites/TilesFirstNotFull1.png
  artifactKey: Guid(ded067078a91bcb46b7634845346c80c) Importer(815301076,1909f56bfc062723c751e8b465ee728b)
Start importing Assets/Sprites/TilesFirstNotFull1.png using Guid(ded067078a91bcb46b7634845346c80c) Importer(815301076,1909f56bfc062723c751e8b465ee728b)  -> (artifact id: '72e751447b900dd3642b4ef2ffd32275') in 0.056720 seconds
  Import took 0.072192 seconds .

========================================================================
Received Prepare
Registering precompiled user dll's ...
Registered in 0.001257 seconds.
Begin MonoManager ReloadAssembly
Native extension for WindowsStandalone target not found
Refreshing native plugins compatible for Editor in 0.58 ms, found 1 plugins.
Preloading 0 native plugins for Editor in 0.00 ms.
Mono: successfully reloaded assembly
- Completed reload, in  1.155 seconds
Platform modules already initialized, skipping
Shader 'Universal Render Pipeline/Particles/Lit': fallback shader 'Universal Render Pipeline/Particles/SimpleLit' not found
Refreshing native plugins compatible for Editor in 0.56 ms, found 1 plugins.
Preloading 0 native plugins for Editor in 0.00 ms.
Unloading 3001 Unused Serialized files (Serialized files now loaded: 0)
System memory in use before: 130.0 MB.
System memory in use after: 130.1 MB.

Unloading 15 unused Assets to reduce memory usage. Loaded Objects now: 3583.
Total: 3.136200 ms (FindLiveObjects: 0.303900 ms CreateObjectMapping: 0.083300 ms MarkObjects: 2.586000 ms  DeleteObjects: 0.161000 ms)

========================================================================
Received Prepare
Registering precompiled user dll's ...
Registered in 0.001345 seconds.
Begin MonoManager ReloadAssembly
Native extension for WindowsStandalone target not found
Refreshing native plugins compatible for Editor in 0.58 ms, found 1 plugins.
Preloading 0 native plugins for Editor in 0.00 ms.
Mono: successfully reloaded assembly
- Completed reload, in  1.151 seconds
Platform modules already initialized, skipping
Shader 'Universal Render Pipeline/Particles/Lit': fallback shader 'Universal Render Pipeline/Particles/SimpleLit' not found
Refreshing native plugins compatible for Editor in 0.56 ms, found 1 plugins.
Preloading 0 native plugins for Editor in 0.00 ms.
Unloading 3001 Unused Serialized files (Serialized files now loaded: 0)
System memory in use before: 130.0 MB.
System memory in use after: 130.1 MB.

Unloading 14 unused Assets to reduce memory usage. Loaded Objects now: 3587.
Total: 2.691800 ms (FindLiveObjects: 0.307000 ms CreateObjectMapping: 0.088500 ms MarkObjects: 2.158900 ms  DeleteObjects: 0.136000 ms)

========================================================================
Received Prepare
Registering precompiled user dll's ...
Registered in 0.001239 seconds.
Begin MonoManager ReloadAssembly
Native extension for WindowsStandalone target not found
Refreshing native plugins compatible for Editor in 0.56 ms, found 1 plugins.
Preloading 0 native plugins for Editor in 0.00 ms.
Mono: successfully reloaded assembly
- Completed reload, in  1.124 seconds
Platform modules already initialized, skipping
Shader 'Universal Render Pipeline/Particles/Lit': fallback shader 'Universal Render Pipeline/Particles/SimpleLit' not found
Refreshing native plugins compatible for Editor in 0.57 ms, found 1 plugins.
Preloading 0 native plugins for Editor in 0.00 ms.
Unloading 3001 Unused Serialized files (Serialized files now loaded: 0)
System memory in use before: 130.0 MB.
System memory in use after: 130.1 MB.

Unloading 14 unused Assets to reduce memory usage. Loaded Objects now: 3591.
Total: 2.879000 ms (FindLiveObjects: 0.281800 ms CreateObjectMapping: 0.091000 ms MarkObjects: 2.361900 ms  DeleteObjects: 0.143000 ms)

========================================================================
Received Prepare
Registering precompiled user dll's ...
Registered in 0.001299 seconds.
Begin MonoManager ReloadAssembly
Native extension for WindowsStandalone target not found
Refreshing native plugins compatible for Editor in 0.58 ms, found 1 plugins.
Preloading 0 native plugins for Editor in 0.00 ms.
Mono: successfully reloaded assembly
- Completed reload, in  1.148 seconds
Platform modules already initialized, skipping
Shader 'Universal Render Pipeline/Particles/Lit': fallback shader 'Universal Render Pipeline/Particles/SimpleLit' not found
Refreshing native plugins compatible for Editor in 0.58 ms, found 1 plugins.
Preloading 0 native plugins for Editor in 0.00 ms.
Unloading 3001 Unused Serialized files (Serialized files now loaded: 0)
System memory in use before: 130.0 MB.
System memory in use after: 130.1 MB.

Unloading 14 unused Assets to reduce memory usage. Loaded Objects now: 3595.
Total: 3.056800 ms (FindLiveObjects: 0.332400 ms CreateObjectMapping: 0.087400 ms MarkObjects: 2.487400 ms  DeleteObjects: 0.148400 ms)

========================================================================
Received Prepare
Registering precompiled user dll's ...
Registered in 0.001223 seconds.
Begin MonoManager ReloadAssembly
Native extension for WindowsStandalone target not found
Refreshing native plugins compatible for Editor in 0.59 ms, found 1 plugins.
Preloading 0 native plugins for Editor in 0.00 ms.
Mono: successfully reloaded assembly
- Completed reload, in  1.137 seconds
Platform modules already initialized, skipping
Shader 'Universal Render Pipeline/Particles/Lit': fallback shader 'Universal Render Pipeline/Particles/SimpleLit' not found
Refreshing native plugins compatible for Editor in 0.56 ms, found 1 plugins.
Preloading 0 native plugins for Editor in 0.00 ms.
Unloading 3001 Unused Serialized files (Serialized files now loaded: 0)
System memory in use before: 130.0 MB.
System memory in use after: 130.1 MB.

Unloading 14 unused Assets to reduce memory usage. Loaded Objects now: 3599.
Total: 3.011800 ms (FindLiveObjects: 0.322500 ms CreateObjectMapping: 0.082100 ms MarkObjects: 2.460800 ms  DeleteObjects: 0.145000 ms)

========================================================================
Received Prepare
Registering precompiled user dll's ...
Registered in 0.001240 seconds.
Begin MonoManager ReloadAssembly
Native extension for WindowsStandalone target not found
Refreshing native plugins compatible for Editor in 0.72 ms, found 1 plugins.
Preloading 0 native plugins for Editor in 0.00 ms.
Mono: successfully reloaded assembly
- Completed reload, in  1.124 seconds
Platform modules already initialized, skipping
Shader 'Universal Render Pipeline/Particles/Lit': fallback shader 'Universal Render Pipeline/Particles/SimpleLit' not found
Refreshing native plugins compatible for Editor in 0.57 ms, found 1 plugins.
Preloading 0 native plugins for Editor in 0.00 ms.
Unloading 3001 Unused Serialized files (Serialized files now loaded: 0)
System memory in use before: 130.0 MB.
System memory in use after: 130.1 MB.

Unloading 14 unused Assets to reduce memory usage. Loaded Objects now: 3603.
Total: 2.776700 ms (FindLiveObjects: 0.321000 ms CreateObjectMapping: 0.080500 ms MarkObjects: 2.237300 ms  DeleteObjects: 0.136200 ms)

========================================================================
Received Prepare
Registering precompiled user dll's ...
Registered in 0.001215 seconds.
Begin MonoManager ReloadAssembly
Native extension for WindowsStandalone target not found
Refreshing native plugins compatible for Editor in 0.87 ms, found 1 plugins.
Preloading 0 native plugins for Editor in 0.00 ms.
Mono: successfully reloaded assembly
- Completed reload, in  1.115 seconds
Platform modules already initialized, skipping
Shader 'Universal Render Pipeline/Particles/Lit': fallback shader 'Universal Render Pipeline/Particles/SimpleLit' not found
Refreshing native plugins compatible for Editor in 0.56 ms, found 1 plugins.
Preloading 0 native plugins for Editor in 0.00 ms.
Unloading 3001 Unused Serialized files (Serialized files now loaded: 0)
System memory in use before: 130.0 MB.
System memory in use after: 130.1 MB.

Unloading 14 unused Assets to reduce memory usage. Loaded Objects now: 3607.
Total: 2.911400 ms (FindLiveObjects: 0.330200 ms CreateObjectMapping: 0.089400 ms MarkObjects: 2.351100 ms  DeleteObjects: 0.138900 ms)

========================================================================
Received Prepare
Registering precompiled user dll's ...
Registered in 0.001240 seconds.
Begin MonoManager ReloadAssembly
Native extension for WindowsStandalone target not found
Refreshing native plugins compatible for Editor in 0.55 ms, found 1 plugins.
Preloading 0 native plugins for Editor in 0.00 ms.
Mono: successfully reloaded assembly
- Completed reload, in  1.124 seconds
Platform modules already initialized, skipping
Shader 'Universal Render Pipeline/Particles/Lit': fallback shader 'Universal Render Pipeline/Particles/SimpleLit' not found
Refreshing native plugins compatible for Editor in 0.58 ms, found 1 plugins.
Preloading 0 native plugins for Editor in 0.00 ms.
Unloading 3001 Unused Serialized files (Serialized files now loaded: 0)
System memory in use before: 130.1 MB.
System memory in use after: 130.1 MB.

Unloading 14 unused Assets to reduce memory usage. Loaded Objects now: 3611.
Total: 2.923400 ms (FindLiveObjects: 0.418700 ms CreateObjectMapping: 0.156800 ms MarkObjects: 2.207300 ms  DeleteObjects: 0.138800 ms)

========================================================================
Received Prepare
Registering precompiled user dll's ...
Registered in 0.001264 seconds.
Begin MonoManager ReloadAssembly
Native extension for WindowsStandalone target not found
Refreshing native plugins compatible for Editor in 0.57 ms, found 1 plugins.
Preloading 0 native plugins for Editor in 0.00 ms.
Mono: successfully reloaded assembly
- Completed reload, in  1.117 seconds
Platform modules already initialized, skipping
Shader 'Universal Render Pipeline/Particles/Lit': fallback shader 'Universal Render Pipeline/Particles/SimpleLit' not found
Refreshing native plugins compatible for Editor in 0.72 ms, found 1 plugins.
Preloading 0 native plugins for Editor in 0.00 ms.
Unloading 3001 Unused Serialized files (Serialized files now loaded: 0)
System memory in use before: 130.1 MB.
System memory in use after: 130.1 MB.

Unloading 14 unused Assets to reduce memory usage. Loaded Objects now: 3615.
Total: 2.869400 ms (FindLiveObjects: 0.304400 ms CreateObjectMapping: 0.086600 ms MarkObjects: 2.327900 ms  DeleteObjects: 0.148500 ms)

========================================================================
Received Prepare
Registering precompiled user dll's ...
Registered in 0.001440 seconds.
Begin MonoManager ReloadAssembly
Native extension for WindowsStandalone target not found
Refreshing native plugins compatible for Editor in 0.59 ms, found 1 plugins.
Preloading 0 native plugins for Editor in 0.00 ms.
Mono: successfully reloaded assembly
- Completed reload, in  1.078 seconds
Platform modules already initialized, skipping
Shader 'Universal Render Pipeline/Particles/Lit': fallback shader 'Universal Render Pipeline/Particles/SimpleLit' not found
Refreshing native plugins compatible for Editor in 0.64 ms, found 1 plugins.
Preloading 0 native plugins for Editor in 0.00 ms.
Unloading 3001 Unused Serialized files (Serialized files now loaded: 0)
System memory in use before: 130.1 MB.
System memory in use after: 130.2 MB.

Unloading 14 unused Assets to reduce memory usage. Loaded Objects now: 3619.
Total: 2.632400 ms (FindLiveObjects: 0.287100 ms CreateObjectMapping: 0.081200 ms MarkObjects: 2.130700 ms  DeleteObjects: 0.132200 ms)

========================================================================
Received Prepare
Registering precompiled user dll's ...
Registered in 0.001222 seconds.
Begin MonoManager ReloadAssembly
Native extension for WindowsStandalone target not found
Refreshing native plugins compatible for Editor in 0.56 ms, found 1 plugins.
Preloading 0 native plugins for Editor in 0.00 ms.
Mono: successfully reloaded assembly
- Completed reload, in  1.095 seconds
Platform modules already initialized, skipping
Shader 'Universal Render Pipeline/Particles/Lit': fallback shader 'Universal Render Pipeline/Particles/SimpleLit' not found
Refreshing native plugins compatible for Editor in 0.69 ms, found 1 plugins.
Preloading 0 native plugins for Editor in 0.00 ms.
Unloading 3001 Unused Serialized files (Serialized files now loaded: 0)
System memory in use before: 130.1 MB.
System memory in use after: 130.2 MB.

Unloading 14 unused Assets to reduce memory usage. Loaded Objects now: 3623.
Total: 2.863400 ms (FindLiveObjects: 0.300200 ms CreateObjectMapping: 0.082100 ms MarkObjects: 2.335000 ms  DeleteObjects: 0.144600 ms)

========================================================================
Received Prepare
Registering precompiled user dll's ...
Registered in 0.001343 seconds.
Begin MonoManager ReloadAssembly
Native extension for WindowsStandalone target not found
Refreshing native plugins compatible for Editor in 0.52 ms, found 1 plugins.
Preloading 0 native plugins for Editor in 0.00 ms.
Mono: successfully reloaded assembly
- Completed reload, in  1.058 seconds
Platform modules already initialized, skipping
Shader 'Universal Render Pipeline/Particles/Lit': fallback shader 'Universal Render Pipeline/Particles/SimpleLit' not found
Refreshing native plugins compatible for Editor in 0.54 ms, found 1 plugins.
Preloading 0 native plugins for Editor in 0.00 ms.
Unloading 3001 Unused Serialized files (Serialized files now loaded: 0)
System memory in use before: 130.1 MB.
System memory in use after: 130.2 MB.

Unloading 14 unused Assets to reduce memory usage. Loaded Objects now: 3627.
Total: 3.326500 ms (FindLiveObjects: 0.349400 ms CreateObjectMapping: 0.107100 ms MarkObjects: 2.684600 ms  DeleteObjects: 0.184100 ms)

========================================================================
Received Prepare
Registering precompiled user dll's ...
Registered in 0.001225 seconds.
Begin MonoManager ReloadAssembly
Native extension for WindowsStandalone target not found
Refreshing native plugins compatible for Editor in 0.59 ms, found 1 plugins.
Preloading 0 native plugins for Editor in 0.00 ms.
Mono: successfully reloaded assembly
- Completed reload, in  1.126 seconds
Platform modules already initialized, skipping
Shader 'Universal Render Pipeline/Particles/Lit': fallback shader 'Universal Render Pipeline/Particles/SimpleLit' not found
Refreshing native plugins compatible for Editor in 0.55 ms, found 1 plugins.
Preloading 0 native plugins for Editor in 0.00 ms.
Unloading 3001 Unused Serialized files (Serialized files now loaded: 0)
System memory in use before: 130.1 MB.
System memory in use after: 130.2 MB.

Unloading 14 unused Assets to reduce memory usage. Loaded Objects now: 3631.
Total: 2.546700 ms (FindLiveObjects: 0.290100 ms CreateObjectMapping: 0.081200 ms MarkObjects: 2.042800 ms  DeleteObjects: 0.131400 ms)

========================================================================
Received Prepare
Registering precompiled user dll's ...
Registered in 0.001299 seconds.
Begin MonoManager ReloadAssembly
Native extension for WindowsStandalone target not found
Refreshing native plugins compatible for Editor in 0.57 ms, found 1 plugins.
Preloading 0 native plugins for Editor in 0.00 ms.
Mono: successfully reloaded assembly
- Completed reload, in  1.146 seconds
Platform modules already initialized, skipping
Shader 'Universal Render Pipeline/Particles/Lit': fallback shader 'Universal Render Pipeline/Particles/SimpleLit' not found
Refreshing native plugins compatible for Editor in 0.54 ms, found 1 plugins.
Preloading 0 native plugins for Editor in 0.00 ms.
Unloading 3001 Unused Serialized files (Serialized files now loaded: 0)
System memory in use before: 130.1 MB.
System memory in use after: 130.2 MB.

Unloading 14 unused Assets to reduce memory usage. Loaded Objects now: 3635.
Total: 2.884200 ms (FindLiveObjects: 0.300800 ms CreateObjectMapping: 0.079700 ms MarkObjects: 2.358800 ms  DeleteObjects: 0.143400 ms)

========================================================================
Received Import Request.
  Time since last request: 6152.412483 seconds.
  path: Assets/Sprites/ElectroStolbDeath.png
  artifactKey: Guid(96c0a545e6aa31f49b41c22ad14e81a9) Importer(815301076,1909f56bfc062723c751e8b465ee728b)
Start importing Assets/Sprites/ElectroStolbDeath.png using Guid(96c0a545e6aa31f49b41c22ad14e81a9) Importer(815301076,1909f56bfc062723c751e8b465ee728b)  -> (artifact id: '5499b86e80c21ee5bbf64b4e29336f57') in 0.646366 seconds
  Import took 0.784707 seconds .

========================================================================
Received Import Request.
  Time since last request: 6.345472 seconds.
  path: Assets/Sprites/ElectroStolbDeath.png
  artifactKey: Guid(96c0a545e6aa31f49b41c22ad14e81a9) Importer(815301076,1909f56bfc062723c751e8b465ee728b)
Start importing Assets/Sprites/ElectroStolbDeath.png using Guid(96c0a545e6aa31f49b41c22ad14e81a9) Importer(815301076,1909f56bfc062723c751e8b465ee728b)  -> (artifact id: 'fce90a0ae5eeb3d728b2d8f4366e5a65') in 0.013290 seconds
  Import took 0.044747 seconds .

========================================================================
Received Import Request.
  Time since last request: 18.442378 seconds.
  path: Assets/Sprites/ElectroStolbDeath.png
  artifactKey: Guid(96c0a545e6aa31f49b41c22ad14e81a9) Importer(815301076,1909f56bfc062723c751e8b465ee728b)
Start importing Assets/Sprites/ElectroStolbDeath.png using Guid(96c0a545e6aa31f49b41c22ad14e81a9) Importer(815301076,1909f56bfc062723c751e8b465ee728b)  -> (artifact id: 'a36472bd1c62ba7d480dea5a9f841848') in 0.056008 seconds
  Import took 0.078177 seconds .

========================================================================
Received Import Request.
  Time since last request: 4.200399 seconds.
  path: Assets/Sprites/BirdsDeath.png
  artifactKey: Guid(e437e7e26785ac3448a3c0e21f516d5a) Importer(815301076,1909f56bfc062723c751e8b465ee728b)
Start importing Assets/Sprites/BirdsDeath.png using Guid(e437e7e26785ac3448a3c0e21f516d5a) Importer(815301076,1909f56bfc062723c751e8b465ee728b)  -> (artifact id: '2c9d4ca083272ea947df4a9f2516a489') in 0.015866 seconds
  Import took 0.046818 seconds .

========================================================================
Received Import Request.
  Time since last request: 7.620617 seconds.
  path: Assets/Sprites/BirdsDeath.png
  artifactKey: Guid(e437e7e26785ac3448a3c0e21f516d5a) Importer(815301076,1909f56bfc062723c751e8b465ee728b)
Start importing Assets/Sprites/BirdsDeath.png using Guid(e437e7e26785ac3448a3c0e21f516d5a) Importer(815301076,1909f56bfc062723c751e8b465ee728b)  -> (artifact id: 'afe5316f34ef29a743709c8ff9fac5f6') in 0.011805 seconds
  Import took 0.026008 seconds .

========================================================================
Received Import Request.
  Time since last request: 20.398144 seconds.
  path: Assets/Sprites/BirdsDeath.png
  artifactKey: Guid(e437e7e26785ac3448a3c0e21f516d5a) Importer(815301076,1909f56bfc062723c751e8b465ee728b)
Start importing Assets/Sprites/BirdsDeath.png using Guid(e437e7e26785ac3448a3c0e21f516d5a) Importer(815301076,1909f56bfc062723c751e8b465ee728b)  -> (artifact id: '4176696b7649a4953b6fff41076d21e4') in 0.036768 seconds
  Import took 0.057093 seconds .

========================================================================
Received Import Request.
  Time since last request: 31.991594 seconds.
  path: Assets/Animation/Obstacles/BirdsAnimations/BirdsDeath.anim
  artifactKey: Guid(4c0d74d61ac0d834d9a73e77ce0f3624) Importer(815301076,1909f56bfc062723c751e8b465ee728b)
Start importing Assets/Animation/Obstacles/BirdsAnimations/BirdsDeath.anim using Guid(4c0d74d61ac0d834d9a73e77ce0f3624) Importer(815301076,1909f56bfc062723c751e8b465ee728b)  -> (artifact id: '00247fe77b01d4263845a91c8b6598e6') in 0.006049 seconds
  Import took 0.021385 seconds .

========================================================================
Received Import Request.
  Time since last request: 11.932980 seconds.
  path: Assets/Sprites/StolbDeath.png
  artifactKey: Guid(cacbfd430e66e1147af981df300e31d2) Importer(815301076,1909f56bfc062723c751e8b465ee728b)
Start importing Assets/Sprites/StolbDeath.png using Guid(cacbfd430e66e1147af981df300e31d2) Importer(815301076,1909f56bfc062723c751e8b465ee728b)  -> (artifact id: 'f1d035a0cba726c25a790a9a321dd57e') in 0.017176 seconds
  Import took 0.039304 seconds .

========================================================================
Received Import Request.
  Time since last request: 16.994638 seconds.
  path: Assets/Sprites/StolbDeath.png
  artifactKey: Guid(cacbfd430e66e1147af981df300e31d2) Importer(815301076,1909f56bfc062723c751e8b465ee728b)
Start importing Assets/Sprites/StolbDeath.png using Guid(cacbfd430e66e1147af981df300e31d2) Importer(815301076,1909f56bfc062723c751e8b465ee728b)  -> (artifact id: '75861b7d59990c30032d2af9885a7529') in 0.023584 seconds
  Import took 0.043795 seconds .

========================================================================
Received Import Request.
  Time since last request: 0.007033 seconds.
  path: Assets/Sprites/StolbDeath.png
  artifactKey: Guid(cacbfd430e66e1147af981df300e31d2) Importer(815301076,1909f56bfc062723c751e8b465ee728b)
Start importing Assets/Sprites/StolbDeath.png using Guid(cacbfd430e66e1147af981df300e31d2) Importer(815301076,1909f56bfc062723c751e8b465ee728b)  -> (artifact id: '75861b7d59990c30032d2af9885a7529') in 0.009265 seconds
  Import took 0.014025 seconds .

========================================================================
Received Import Request.
  Time since last request: 58.326407 seconds.
  path: Assets/Sprites/StolbDeath.png
  artifactKey: Guid(cacbfd430e66e1147af981df300e31d2) Importer(815301076,1909f56bfc062723c751e8b465ee728b)
Start importing Assets/Sprites/StolbDeath.png using Guid(cacbfd430e66e1147af981df300e31d2) Importer(815301076,1909f56bfc062723c751e8b465ee728b)  -> (artifact id: 'ff1bbacfd7341b8b28d4f27ea3e0314e') in 0.051227 seconds
  Import took 0.067797 seconds .

========================================================================
Received Import Request.
  Time since last request: 38.332599 seconds.
  path: Assets/Animation/Obstacles/ElectroAnimations/ElectroDeath.anim
  artifactKey: Guid(2aba70dc1fd49d445a11eedf8d98fe59) Importer(815301076,1909f56bfc062723c751e8b465ee728b)
Start importing Assets/Animation/Obstacles/ElectroAnimations/ElectroDeath.anim using Guid(2aba70dc1fd49d445a11eedf8d98fe59) Importer(815301076,1909f56bfc062723c751e8b465ee728b)  -> (artifact id: 'aec5e672687bccc74312e108d93ca427') in 0.009421 seconds
  Import took 0.014800 seconds .

========================================================================
Received Import Request.
  Time since last request: 9.269706 seconds.
  path: Assets/Animation/Obstacles/PipeAnimations/PipeDeath.anim
  artifactKey: Guid(37d76a14b1425564cb546c9392fe892e) Importer(815301076,1909f56bfc062723c751e8b465ee728b)
Start importing Assets/Animation/Obstacles/PipeAnimations/PipeDeath.anim using Guid(37d76a14b1425564cb546c9392fe892e) Importer(815301076,1909f56bfc062723c751e8b465ee728b)  -> (artifact id: '193011b8f2d76e10482a2af9dba3887f') in 0.010809 seconds
  Import took 0.020910 seconds .

========================================================================
Received Import Request.
  Time since last request: 0.001487 seconds.
  path: Assets/Animation/Obstacles/PipeAnimations/PipeDeath.anim
  artifactKey: Guid(37d76a14b1425564cb546c9392fe892e) Importer(815301076,1909f56bfc062723c751e8b465ee728b)
Start importing Assets/Animation/Obstacles/PipeAnimations/PipeDeath.anim using Guid(37d76a14b1425564cb546c9392fe892e) Importer(815301076,1909f56bfc062723c751e8b465ee728b)  -> (artifact id: '193011b8f2d76e10482a2af9dba3887f') in 0.003338 seconds
  Import took 0.007969 seconds .

========================================================================
Received Import Request.
  Time since last request: 52.326488 seconds.
  path: Assets/Animation/Obstacles/ElectroAnimations/ElectroAnimator.controller
  artifactKey: Guid(e057eb55836816f4eb0abdbee5616e17) Importer(815301076,1909f56bfc062723c751e8b465ee728b)
Start importing Assets/Animation/Obstacles/ElectroAnimations/ElectroAnimator.controller using Guid(e057eb55836816f4eb0abdbee5616e17) Importer(815301076,1909f56bfc062723c751e8b465ee728b)  -> (artifact id: '6fb9ba1dc8f2e270ea03568400d4d6b8') in 0.012137 seconds
  Import took 0.033555 seconds .

========================================================================
Received Import Request.
  Time since last request: 0.014828 seconds.
  path: Assets/Animation/Obstacles/ElectroAnimations/ElectroAnimator.controller
  artifactKey: Guid(e057eb55836816f4eb0abdbee5616e17) Importer(815301076,1909f56bfc062723c751e8b465ee728b)
Start importing Assets/Animation/Obstacles/ElectroAnimations/ElectroAnimator.controller using Guid(e057eb55836816f4eb0abdbee5616e17) Importer(815301076,1909f56bfc062723c751e8b465ee728b)  -> (artifact id: '6fb9ba1dc8f2e270ea03568400d4d6b8') in 0.003685 seconds
  Import took 0.008762 seconds .

========================================================================
Received Prepare
Registering precompiled user dll's ...
Registered in 0.001272 seconds.
Begin MonoManager ReloadAssembly
Native extension for WindowsStandalone target not found
Refreshing native plugins compatible for Editor in 0.57 ms, found 1 plugins.
Preloading 0 native plugins for Editor in 0.00 ms.
Mono: successfully reloaded assembly
- Completed reload, in  1.191 seconds
Platform modules already initialized, skipping
Shader 'Universal Render Pipeline/Particles/Lit': fallback shader 'Universal Render Pipeline/Particles/SimpleLit' not found
Refreshing native plugins compatible for Editor in 0.57 ms, found 1 plugins.
Preloading 0 native plugins for Editor in 0.00 ms.
Unloading 3001 Unused Serialized files (Serialized files now loaded: 0)
System memory in use before: 130.1 MB.
System memory in use after: 130.2 MB.

Unloading 14 unused Assets to reduce memory usage. Loaded Objects now: 3652.
Total: 3.084400 ms (FindLiveObjects: 0.329700 ms CreateObjectMapping: 0.083000 ms MarkObjects: 2.509900 ms  DeleteObjects: 0.160400 ms)

========================================================================
Received Import Request.
  Time since last request: 134.398499 seconds.
  path: Assets/Prefabs/Electro.prefab
  artifactKey: Guid(5925cea3e5c5ff147ac2e445817df39e) Importer(815301076,1909f56bfc062723c751e8b465ee728b)
Start importing Assets/Prefabs/Electro.prefab using Guid(5925cea3e5c5ff147ac2e445817df39e) Importer(815301076,1909f56bfc062723c751e8b465ee728b)  -> (artifact id: 'dba02958760fd16b344b098ce678158c') in 0.104405 seconds
  Import took 0.127155 seconds .

========================================================================
Received Import Request.
  Time since last request: 9.081268 seconds.
  path: Assets/Animation/Obstacles/BirdsAnimations/BirdsAnimator.controller
  artifactKey: Guid(0c0517b4ee772724cb871c38bdb9e5f6) Importer(815301076,1909f56bfc062723c751e8b465ee728b)
Start importing Assets/Animation/Obstacles/BirdsAnimations/BirdsAnimator.controller using Guid(0c0517b4ee772724cb871c38bdb9e5f6) Importer(815301076,1909f56bfc062723c751e8b465ee728b)  -> (artifact id: 'aa74af96236f749152ecbe3a6ffbd04f') in 0.014789 seconds
  Import took 0.019604 seconds .

========================================================================
Received Import Request.
  Time since last request: 0.001554 seconds.
  path: Assets/Animation/Obstacles/BirdsAnimations/BirdsAnimator.controller
  artifactKey: Guid(0c0517b4ee772724cb871c38bdb9e5f6) Importer(815301076,1909f56bfc062723c751e8b465ee728b)
Start importing Assets/Animation/Obstacles/BirdsAnimations/BirdsAnimator.controller using Guid(0c0517b4ee772724cb871c38bdb9e5f6) Importer(815301076,1909f56bfc062723c751e8b465ee728b)  -> (artifact id: 'aa74af96236f749152ecbe3a6ffbd04f') in 0.016207 seconds
  Import took 0.020906 seconds .

========================================================================
Received Prepare
Registering precompiled user dll's ...
Registered in 0.001530 seconds.
Begin MonoManager ReloadAssembly
Native extension for WindowsStandalone target not found
Refreshing native plugins compatible for Editor in 0.61 ms, found 1 plugins.
Preloading 0 native plugins for Editor in 0.00 ms.
Mono: successfully reloaded assembly
- Completed reload, in  1.118 seconds
Platform modules already initialized, skipping
Shader 'Universal Render Pipeline/Particles/Lit': fallback shader 'Universal Render Pipeline/Particles/SimpleLit' not found
Refreshing native plugins compatible for Editor in 0.58 ms, found 1 plugins.
Preloading 0 native plugins for Editor in 0.00 ms.
Unloading 3001 Unused Serialized files (Serialized files now loaded: 0)
System memory in use before: 130.2 MB.
System memory in use after: 130.3 MB.

Unloading 14 unused Assets to reduce memory usage. Loaded Objects now: 3661.
Total: 2.798500 ms (FindLiveObjects: 0.337900 ms CreateObjectMapping: 0.086100 ms MarkObjects: 2.235500 ms  DeleteObjects: 0.137500 ms)

========================================================================
Received Import Request.
  Time since last request: 57.131376 seconds.
  path: Assets/Animation/Obstacles/ElectroAnimations/ElectroAnimator.controller
  artifactKey: Guid(e057eb55836816f4eb0abdbee5616e17) Importer(815301076,1909f56bfc062723c751e8b465ee728b)
Start importing Assets/Animation/Obstacles/ElectroAnimations/ElectroAnimator.controller using Guid(e057eb55836816f4eb0abdbee5616e17) Importer(815301076,1909f56bfc062723c751e8b465ee728b)  -> (artifact id: 'e84af363de79e1be22ce7ce74703ad84') in 0.022085 seconds
  Import took 0.045759 seconds .

========================================================================
Received Import Request.
  Time since last request: 165.473700 seconds.
  path: Assets/Animation/Obstacles/PipeAnimations/PipeAnimator.controller
  artifactKey: Guid(05d018d9242d4ed41888c7e47a1339a3) Importer(815301076,1909f56bfc062723c751e8b465ee728b)
Start importing Assets/Animation/Obstacles/PipeAnimations/PipeAnimator.controller using Guid(05d018d9242d4ed41888c7e47a1339a3) Importer(815301076,1909f56bfc062723c751e8b465ee728b)  -> (artifact id: '04f435cee6408353ebbe104c39540a93') in 0.009428 seconds
  Import took 0.014411 seconds .

========================================================================
Received Prepare
Registering precompiled user dll's ...
Registered in 0.001249 seconds.
Begin MonoManager ReloadAssembly
Native extension for WindowsStandalone target not found
Refreshing native plugins compatible for Editor in 0.53 ms, found 1 plugins.
Preloading 0 native plugins for Editor in 0.00 ms.
Mono: successfully reloaded assembly
- Completed reload, in  1.048 seconds
Platform modules already initialized, skipping
Shader 'Universal Render Pipeline/Particles/Lit': fallback shader 'Universal Render Pipeline/Particles/SimpleLit' not found
Refreshing native plugins compatible for Editor in 0.66 ms, found 1 plugins.
Preloading 0 native plugins for Editor in 0.00 ms.
Unloading 3001 Unused Serialized files (Serialized files now loaded: 0)
System memory in use before: 130.2 MB.
System memory in use after: 130.3 MB.

Unloading 14 unused Assets to reduce memory usage. Loaded Objects now: 3665.
Total: 2.700800 ms (FindLiveObjects: 0.324000 ms CreateObjectMapping: 0.082200 ms MarkObjects: 2.152500 ms  DeleteObjects: 0.140300 ms)

========================================================================
Received Prepare
Registering precompiled user dll's ...
Registered in 0.001232 seconds.
Begin MonoManager ReloadAssembly
Native extension for WindowsStandalone target not found
Refreshing native plugins compatible for Editor in 0.55 ms, found 1 plugins.
Preloading 0 native plugins for Editor in 0.00 ms.
Mono: successfully reloaded assembly
- Completed reload, in  1.112 seconds
Platform modules already initialized, skipping
Shader 'Universal Render Pipeline/Particles/Lit': fallback shader 'Universal Render Pipeline/Particles/SimpleLit' not found
Refreshing native plugins compatible for Editor in 0.61 ms, found 1 plugins.
Preloading 0 native plugins for Editor in 0.00 ms.
Unloading 3001 Unused Serialized files (Serialized files now loaded: 0)
System memory in use before: 130.2 MB.
System memory in use after: 130.3 MB.

Unloading 14 unused Assets to reduce memory usage. Loaded Objects now: 3669.
Total: 2.748500 ms (FindLiveObjects: 0.292300 ms CreateObjectMapping: 0.081700 ms MarkObjects: 2.232200 ms  DeleteObjects: 0.141200 ms)

========================================================================
Received Prepare
Registering precompiled user dll's ...
Registered in 0.001282 seconds.
Begin MonoManager ReloadAssembly
Native extension for WindowsStandalone target not found
Refreshing native plugins compatible for Editor in 0.63 ms, found 1 plugins.
Preloading 0 native plugins for Editor in 0.00 ms.
Mono: successfully reloaded assembly
- Completed reload, in  1.158 seconds
Platform modules already initialized, skipping
Shader 'Universal Render Pipeline/Particles/Lit': fallback shader 'Universal Render Pipeline/Particles/SimpleLit' not found
Refreshing native plugins compatible for Editor in 0.55 ms, found 1 plugins.
Preloading 0 native plugins for Editor in 0.00 ms.
Unloading 3001 Unused Serialized files (Serialized files now loaded: 0)
System memory in use before: 130.2 MB.
System memory in use after: 130.3 MB.

Unloading 14 unused Assets to reduce memory usage. Loaded Objects now: 3673.
Total: 2.778300 ms (FindLiveObjects: 0.308100 ms CreateObjectMapping: 0.084200 ms MarkObjects: 2.251800 ms  DeleteObjects: 0.133200 ms)

========================================================================
Received Prepare
Registering precompiled user dll's ...
Registered in 0.001227 seconds.
Begin MonoManager ReloadAssembly
Native extension for WindowsStandalone target not found
Refreshing native plugins compatible for Editor in 0.55 ms, found 1 plugins.
Preloading 0 native plugins for Editor in 0.00 ms.
Mono: successfully reloaded assembly
- Completed reload, in  1.096 seconds
Platform modules already initialized, skipping
Shader 'Universal Render Pipeline/Particles/Lit': fallback shader 'Universal Render Pipeline/Particles/SimpleLit' not found
Refreshing native plugins compatible for Editor in 0.55 ms, found 1 plugins.
Preloading 0 native plugins for Editor in 0.00 ms.
Unloading 3001 Unused Serialized files (Serialized files now loaded: 0)
System memory in use before: 130.2 MB.
System memory in use after: 130.3 MB.

Unloading 14 unused Assets to reduce memory usage. Loaded Objects now: 3677.
Total: 2.752800 ms (FindLiveObjects: 0.313600 ms CreateObjectMapping: 0.083100 ms MarkObjects: 2.204500 ms  DeleteObjects: 0.150500 ms)

========================================================================
Received Prepare
Registering precompiled user dll's ...
Registered in 0.001291 seconds.
Begin MonoManager ReloadAssembly
Native extension for WindowsStandalone target not found
Refreshing native plugins compatible for Editor in 0.70 ms, found 1 plugins.
Preloading 0 native plugins for Editor in 0.00 ms.
Mono: successfully reloaded assembly
- Completed reload, in  1.126 seconds
Platform modules already initialized, skipping
Shader 'Universal Render Pipeline/Particles/Lit': fallback shader 'Universal Render Pipeline/Particles/SimpleLit' not found
Refreshing native plugins compatible for Editor in 0.59 ms, found 1 plugins.
Preloading 0 native plugins for Editor in 0.00 ms.
Unloading 3001 Unused Serialized files (Serialized files now loaded: 0)
System memory in use before: 130.2 MB.
System memory in use after: 130.3 MB.

Unloading 14 unused Assets to reduce memory usage. Loaded Objects now: 3681.
Total: 3.017800 ms (FindLiveObjects: 0.353600 ms CreateObjectMapping: 0.098800 ms MarkObjects: 2.419800 ms  DeleteObjects: 0.144000 ms)

========================================================================
Received Prepare
Registering precompiled user dll's ...
Registered in 0.001154 seconds.
Begin MonoManager ReloadAssembly
Native extension for WindowsStandalone target not found
Refreshing native plugins compatible for Editor in 0.60 ms, found 1 plugins.
Preloading 0 native plugins for Editor in 0.00 ms.
Mono: successfully reloaded assembly
- Completed reload, in  1.142 seconds
Platform modules already initialized, skipping
Shader 'Universal Render Pipeline/Particles/Lit': fallback shader 'Universal Render Pipeline/Particles/SimpleLit' not found
Refreshing native plugins compatible for Editor in 0.54 ms, found 1 plugins.
Preloading 0 native plugins for Editor in 0.00 ms.
Unloading 3001 Unused Serialized files (Serialized files now loaded: 0)
System memory in use before: 130.2 MB.
System memory in use after: 130.3 MB.

Unloading 14 unused Assets to reduce memory usage. Loaded Objects now: 3685.
Total: 2.719600 ms (FindLiveObjects: 0.320100 ms CreateObjectMapping: 0.081600 ms MarkObjects: 2.176900 ms  DeleteObjects: 0.139400 ms)

========================================================================
Received Prepare
Registering precompiled user dll's ...
Registered in 0.001230 seconds.
Begin MonoManager ReloadAssembly
Native extension for WindowsStandalone target not found
Refreshing native plugins compatible for Editor in 0.73 ms, found 1 plugins.
Preloading 0 native plugins for Editor in 0.00 ms.
Mono: successfully reloaded assembly
- Completed reload, in  1.113 seconds
Platform modules already initialized, skipping
Shader 'Universal Render Pipeline/Particles/Lit': fallback shader 'Universal Render Pipeline/Particles/SimpleLit' not found
Refreshing native plugins compatible for Editor in 0.56 ms, found 1 plugins.
Preloading 0 native plugins for Editor in 0.00 ms.
Unloading 3001 Unused Serialized files (Serialized files now loaded: 0)
System memory in use before: 130.3 MB.
System memory in use after: 130.3 MB.

Unloading 14 unused Assets to reduce memory usage. Loaded Objects now: 3689.
Total: 2.969900 ms (FindLiveObjects: 0.326600 ms CreateObjectMapping: 0.087700 ms MarkObjects: 2.407200 ms  DeleteObjects: 0.146800 ms)

========================================================================
Received Prepare
Registering precompiled user dll's ...
Registered in 0.001261 seconds.
Begin MonoManager ReloadAssembly
Native extension for WindowsStandalone target not found
Refreshing native plugins compatible for Editor in 0.63 ms, found 1 plugins.
Preloading 0 native plugins for Editor in 0.00 ms.
Mono: successfully reloaded assembly
- Completed reload, in  1.097 seconds
Platform modules already initialized, skipping
Shader 'Universal Render Pipeline/Particles/Lit': fallback shader 'Universal Render Pipeline/Particles/SimpleLit' not found
Refreshing native plugins compatible for Editor in 0.60 ms, found 1 plugins.
Preloading 0 native plugins for Editor in 0.00 ms.
Unloading 3001 Unused Serialized files (Serialized files now loaded: 0)
System memory in use before: 130.3 MB.
System memory in use after: 130.4 MB.

Unloading 14 unused Assets to reduce memory usage. Loaded Objects now: 3693.
Total: 2.932000 ms (FindLiveObjects: 0.334600 ms CreateObjectMapping: 0.084600 ms MarkObjects: 2.369200 ms  DeleteObjects: 0.142100 ms)

========================================================================
Received Prepare
Registering precompiled user dll's ...
Registered in 0.001299 seconds.
Begin MonoManager ReloadAssembly
Native extension for WindowsStandalone target not found
Refreshing native plugins compatible for Editor in 0.66 ms, found 1 plugins.
Preloading 0 native plugins for Editor in 0.00 ms.
Mono: successfully reloaded assembly
- Completed reload, in  1.120 seconds
Platform modules already initialized, skipping
Shader 'Universal Render Pipeline/Particles/Lit': fallback shader 'Universal Render Pipeline/Particles/SimpleLit' not found
Refreshing native plugins compatible for Editor in 0.54 ms, found 1 plugins.
Preloading 0 native plugins for Editor in 0.00 ms.
Unloading 3001 Unused Serialized files (Serialized files now loaded: 0)
System memory in use before: 130.3 MB.
System memory in use after: 130.4 MB.

Unloading 14 unused Assets to reduce memory usage. Loaded Objects now: 3697.
Total: 2.707900 ms (FindLiveObjects: 0.358000 ms CreateObjectMapping: 0.085400 ms MarkObjects: 2.126700 ms  DeleteObjects: 0.136600 ms)

========================================================================
Received Import Request.
  Time since last request: 319.863270 seconds.
  path: Assets/Sprites/ElectroStolbDeath.png
  artifactKey: Guid(96c0a545e6aa31f49b41c22ad14e81a9) Importer(815301076,1909f56bfc062723c751e8b465ee728b)
Start importing Assets/Sprites/ElectroStolbDeath.png using Guid(96c0a545e6aa31f49b41c22ad14e81a9) Importer(815301076,1909f56bfc062723c751e8b465ee728b)  -> (artifact id: '2ea470eac269a852946e496c1ad39e81') in 0.114775 seconds
  Import took 0.129841 seconds .

========================================================================
Received Import Request.
  Time since last request: 0.016810 seconds.
  path: Assets/Sprites/ElectroStolbDeath.png
  artifactKey: Guid(96c0a545e6aa31f49b41c22ad14e81a9) Importer(815301076,1909f56bfc062723c751e8b465ee728b)
Start importing Assets/Sprites/ElectroStolbDeath.png using Guid(96c0a545e6aa31f49b41c22ad14e81a9) Importer(815301076,1909f56bfc062723c751e8b465ee728b)  -> (artifact id: '2ea470eac269a852946e496c1ad39e81') in 0.033614 seconds
  Import took 0.040417 seconds .

========================================================================
Received Prepare
Registering precompiled user dll's ...
Registered in 0.001404 seconds.
Begin MonoManager ReloadAssembly
Native extension for WindowsStandalone target not found
Refreshing native plugins compatible for Editor in 0.56 ms, found 1 plugins.
Preloading 0 native plugins for Editor in 0.00 ms.
Mono: successfully reloaded assembly
- Completed reload, in  1.109 seconds
Platform modules already initialized, skipping
Shader 'Universal Render Pipeline/Particles/Lit': fallback shader 'Universal Render Pipeline/Particles/SimpleLit' not found
Refreshing native plugins compatible for Editor in 0.57 ms, found 1 plugins.
Preloading 0 native plugins for Editor in 0.00 ms.
Unloading 3001 Unused Serialized files (Serialized files now loaded: 0)
System memory in use before: 130.3 MB.
System memory in use after: 130.4 MB.

Unloading 14 unused Assets to reduce memory usage. Loaded Objects now: 3702.
Total: 2.707300 ms (FindLiveObjects: 0.294700 ms CreateObjectMapping: 0.083600 ms MarkObjects: 2.193600 ms  DeleteObjects: 0.134300 ms)

========================================================================
Received Import Request.
  Time since last request: 18.011609 seconds.
  path: Assets/Animation/Obstacles/BirdsAnimations/BirdsAnimator.controller
  artifactKey: Guid(0c0517b4ee772724cb871c38bdb9e5f6) Importer(815301076,1909f56bfc062723c751e8b465ee728b)
Start importing Assets/Animation/Obstacles/BirdsAnimations/BirdsAnimator.controller using Guid(0c0517b4ee772724cb871c38bdb9e5f6) Importer(815301076,1909f56bfc062723c751e8b465ee728b)  -> (artifact id: 'a4cd34450805576d19b6eacf285fde26') in 0.021665 seconds
  Import took 0.027062 seconds .

========================================================================
Received Import Request.
  Time since last request: 4.737282 seconds.
  path: Assets/Animation/Obstacles/PipeAnimations/PipeActive.anim
  artifactKey: Guid(96e0cbb3127cdbd4490714f16e827257) Importer(815301076,1909f56bfc062723c751e8b465ee728b)
Start importing Assets/Animation/Obstacles/PipeAnimations/PipeActive.anim using Guid(96e0cbb3127cdbd4490714f16e827257) Importer(815301076,1909f56bfc062723c751e8b465ee728b)  -> (artifact id: '125d62ddae0ff8c33ca67b077d18fdb6') in 0.009431 seconds
  Import took 0.027583 seconds .

========================================================================
Received Import Request.
  Time since last request: 0.323067 seconds.
  path: Assets/Animation/Obstacles/PipeAnimations/PipeAnimator.controller
  artifactKey: Guid(05d018d9242d4ed41888c7e47a1339a3) Importer(815301076,1909f56bfc062723c751e8b465ee728b)
Start importing Assets/Animation/Obstacles/PipeAnimations/PipeAnimator.controller using Guid(05d018d9242d4ed41888c7e47a1339a3) Importer(815301076,1909f56bfc062723c751e8b465ee728b)  -> (artifact id: '1c6856cef1c075b915c301cf961812e4') in 0.004029 seconds
  Import took 0.018116 seconds .

========================================================================
Received Import Request.
  Time since last request: 0.000348 seconds.
  path: Assets/Animation/Obstacles/PipeAnimations/PipeAnimator.controller
  artifactKey: Guid(05d018d9242d4ed41888c7e47a1339a3) Importer(815301076,1909f56bfc062723c751e8b465ee728b)
Start importing Assets/Animation/Obstacles/PipeAnimations/PipeAnimator.controller using Guid(05d018d9242d4ed41888c7e47a1339a3) Importer(815301076,1909f56bfc062723c751e8b465ee728b)  -> (artifact id: '1c6856cef1c075b915c301cf961812e4') in 0.004581 seconds
  Import took 0.009304 seconds .

========================================================================
Received Import Request.
  Time since last request: 151.360073 seconds.
  path: Assets/Sprites/StolbDeath.png
  artifactKey: Guid(cacbfd430e66e1147af981df300e31d2) Importer(815301076,1909f56bfc062723c751e8b465ee728b)
Start importing Assets/Sprites/StolbDeath.png using Guid(cacbfd430e66e1147af981df300e31d2) Importer(815301076,1909f56bfc062723c751e8b465ee728b)  -> (artifact id: '48e96e319dcf2a1dba03bdb07a673c45') in 0.089008 seconds
  Import took 0.107113 seconds .

========================================================================
Received Prepare
Registering precompiled user dll's ...
Registered in 0.001204 seconds.
Begin MonoManager ReloadAssembly
Native extension for WindowsStandalone target not found
Refreshing native plugins compatible for Editor in 0.56 ms, found 1 plugins.
Preloading 0 native plugins for Editor in 0.00 ms.
Mono: successfully reloaded assembly
- Completed reload, in  1.113 seconds
Platform modules already initialized, skipping
Shader 'Universal Render Pipeline/Particles/Lit': fallback shader 'Universal Render Pipeline/Particles/SimpleLit' not found
Refreshing native plugins compatible for Editor in 0.72 ms, found 1 plugins.
Preloading 0 native plugins for Editor in 0.00 ms.
Unloading 3001 Unused Serialized files (Serialized files now loaded: 0)
System memory in use before: 130.3 MB.
System memory in use after: 130.4 MB.

Unloading 14 unused Assets to reduce memory usage. Loaded Objects now: 3707.
Total: 3.156500 ms (FindLiveObjects: 0.351300 ms CreateObjectMapping: 0.086300 ms MarkObjects: 2.566300 ms  DeleteObjects: 0.151100 ms)

========================================================================
Received Prepare
Registering precompiled user dll's ...
Registered in 0.001623 seconds.
Begin MonoManager ReloadAssembly
Native extension for WindowsStandalone target not found
Refreshing native plugins compatible for Editor in 0.55 ms, found 1 plugins.
Preloading 0 native plugins for Editor in 0.00 ms.
Mono: successfully reloaded assembly
- Completed reload, in  1.143 seconds
Platform modules already initialized, skipping
Shader 'Universal Render Pipeline/Particles/Lit': fallback shader 'Universal Render Pipeline/Particles/SimpleLit' not found
Refreshing native plugins compatible for Editor in 0.67 ms, found 1 plugins.
Preloading 0 native plugins for Editor in 0.00 ms.
Unloading 3001 Unused Serialized files (Serialized files now loaded: 0)
System memory in use before: 130.3 MB.
System memory in use after: 130.4 MB.

Unloading 14 unused Assets to reduce memory usage. Loaded Objects now: 3711.
Total: 2.847600 ms (FindLiveObjects: 0.313000 ms CreateObjectMapping: 0.084000 ms MarkObjects: 2.305300 ms  DeleteObjects: 0.143900 ms)

========================================================================
Received Prepare
Registering precompiled user dll's ...
Registered in 0.001152 seconds.
Begin MonoManager ReloadAssembly
Native extension for WindowsStandalone target not found
Refreshing native plugins compatible for Editor in 0.57 ms, found 1 plugins.
Preloading 0 native plugins for Editor in 0.00 ms.
Mono: successfully reloaded assembly
- Completed reload, in  1.102 seconds
Platform modules already initialized, skipping
Shader 'Universal Render Pipeline/Particles/Lit': fallback shader 'Universal Render Pipeline/Particles/SimpleLit' not found
Refreshing native plugins compatible for Editor in 0.56 ms, found 1 plugins.
Preloading 0 native plugins for Editor in 0.00 ms.
Unloading 3001 Unused Serialized files (Serialized files now loaded: 0)
System memory in use before: 130.3 MB.
System memory in use after: 130.4 MB.

Unloading 14 unused Assets to reduce memory usage. Loaded Objects now: 3715.
Total: 3.109500 ms (FindLiveObjects: 0.350800 ms CreateObjectMapping: 0.085000 ms MarkObjects: 2.525000 ms  DeleteObjects: 0.147000 ms)

========================================================================
Received Prepare
Registering precompiled user dll's ...
Registered in 0.001350 seconds.
Begin MonoManager ReloadAssembly
Native extension for WindowsStandalone target not found
Refreshing native plugins compatible for Editor in 0.56 ms, found 1 plugins.
Preloading 0 native plugins for Editor in 0.00 ms.
Mono: successfully reloaded assembly
- Completed reload, in  1.141 seconds
Platform modules already initialized, skipping
Shader 'Universal Render Pipeline/Particles/Lit': fallback shader 'Universal Render Pipeline/Particles/SimpleLit' not found
Refreshing native plugins compatible for Editor in 0.56 ms, found 1 plugins.
Preloading 0 native plugins for Editor in 0.00 ms.
Unloading 3001 Unused Serialized files (Serialized files now loaded: 0)
System memory in use before: 130.3 MB.
System memory in use after: 130.4 MB.

Unloading 14 unused Assets to reduce memory usage. Loaded Objects now: 3719.
Total: 2.956700 ms (FindLiveObjects: 0.317100 ms CreateObjectMapping: 0.083400 ms MarkObjects: 2.408700 ms  DeleteObjects: 0.145600 ms)

========================================================================
Received Import Request.
  Time since last request: 199.975622 seconds.
  path: Assets/Sprites/BirdsDeath.png
  artifactKey: Guid(e437e7e26785ac3448a3c0e21f516d5a) Importer(815301076,1909f56bfc062723c751e8b465ee728b)
Start importing Assets/Sprites/BirdsDeath.png using Guid(e437e7e26785ac3448a3c0e21f516d5a) Importer(815301076,1909f56bfc062723c751e8b465ee728b)  -> (artifact id: 'a028e3a411301dd2e1d107a3b0a43202') in 0.085773 seconds
  Import took 0.096449 seconds .

========================================================================
Received Import Request.
  Time since last request: 0.000874 seconds.
  path: Assets/Sprites/BirdsDeath.png
  artifactKey: Guid(e437e7e26785ac3448a3c0e21f516d5a) Importer(815301076,1909f56bfc062723c751e8b465ee728b)
Start importing Assets/Sprites/BirdsDeath.png using Guid(e437e7e26785ac3448a3c0e21f516d5a) Importer(815301076,1909f56bfc062723c751e8b465ee728b)  -> (artifact id: 'a028e3a411301dd2e1d107a3b0a43202') in 0.023531 seconds
  Import took 0.028462 seconds .

========================================================================
Received Prepare
Registering precompiled user dll's ...
Registered in 0.001211 seconds.
Begin MonoManager ReloadAssembly
Native extension for WindowsStandalone target not found
Refreshing native plugins compatible for Editor in 0.55 ms, found 1 plugins.
Preloading 0 native plugins for Editor in 0.00 ms.
Mono: successfully reloaded assembly
- Completed reload, in  1.104 seconds
Platform modules already initialized, skipping
Shader 'Universal Render Pipeline/Particles/Lit': fallback shader 'Universal Render Pipeline/Particles/SimpleLit' not found
Refreshing native plugins compatible for Editor in 0.55 ms, found 1 plugins.
Preloading 0 native plugins for Editor in 0.00 ms.
Unloading 3001 Unused Serialized files (Serialized files now loaded: 0)
System memory in use before: 130.4 MB.
System memory in use after: 130.5 MB.

Unloading 14 unused Assets to reduce memory usage. Loaded Objects now: 3724.
Total: 3.007400 ms (FindLiveObjects: 0.376900 ms CreateObjectMapping: 0.084500 ms MarkObjects: 2.398600 ms  DeleteObjects: 0.145800 ms)

========================================================================
Received Prepare
Registering precompiled user dll's ...
Registered in 0.001215 seconds.
Begin MonoManager ReloadAssembly
Native extension for WindowsStandalone target not found
Refreshing native plugins compatible for Editor in 0.71 ms, found 1 plugins.
Preloading 0 native plugins for Editor in 0.00 ms.
Mono: successfully reloaded assembly
- Completed reload, in  1.092 seconds
Platform modules already initialized, skipping
Shader 'Universal Render Pipeline/Particles/Lit': fallback shader 'Universal Render Pipeline/Particles/SimpleLit' not found
Refreshing native plugins compatible for Editor in 0.54 ms, found 1 plugins.
Preloading 0 native plugins for Editor in 0.00 ms.
Unloading 3001 Unused Serialized files (Serialized files now loaded: 0)
System memory in use before: 130.4 MB.
System memory in use after: 130.5 MB.

Unloading 14 unused Assets to reduce memory usage. Loaded Objects now: 3728.
Total: 3.195500 ms (FindLiveObjects: 0.421100 ms CreateObjectMapping: 0.118600 ms MarkObjects: 2.513000 ms  DeleteObjects: 0.141000 ms)

AssetImportWorkerClient::OnTransportError - code=2 error=End of file
